I210114 05:59:14.615252 1 util/log/sync_buffer.go:195 ⋮ [config] file created at: 2021/01/14 05:59:14
I210114 05:59:14.615260 1 util/log/sync_buffer.go:195 ⋮ [config] running on machine: ‹TK-Pad›
I210114 05:59:14.615264 1 util/log/sync_buffer.go:195 ⋮ [config] binary: CockroachDB CCL v20.2.3 (x86_64-unknown-linux-gnu, built 2020/12/14 18:33:39, go1.13.14)
I210114 05:59:14.615268 1 util/log/sync_buffer.go:195 ⋮ [config] arguments: ‹[cockroach start-single-node --insecure --listen-addr=localhost:26257 --http-addr=localhost:8080]›
I210114 05:59:14.615275 1 util/log/sync_buffer.go:195 ⋮ [config] line format: [IWEF]yymmdd hh:mm:ss.uuuuuu goid file:line msg utf8=✓
W210114 05:59:14.615195 1 cli/start.go:1139 ⋮ ALL SECURITY CONTROLS HAVE BEEN DISABLED!

This mode is intended for non-production testing only.

In this mode:
- Your cluster is open to any client that can access ‹localhost›.
- Intruders with access to your machine or network can observe client-server traffic.
- Intruders can log in without password and read or write any data in the cluster.
- Intruders can consume all your server's resources and cause unavailability.
I210114 05:59:14.615338 1 cli/start.go:1149 ⋮ To start a secure server without mandating TLS for clients,
consider --accept-sql-without-tls instead. For other options, see:

- ‹https://go.crdb.dev/issue-v/53404/v20.2›
- https://www.cockroachlabs.com/docs/v20.2/secure-a-cluster.html
I210114 05:59:14.615613 1 server/status/recorder.go:605 ⋮ ‹available memory from cgroups is unsupported, using system memory 15 GiB instead: can't read available memory from cgroup v2 at /sys/fs/cgroup/unified/user.slice/user-1000.slice/user@1000.service/memory.max: open /sys/fs/cgroup/unified/user.slice/user-1000.slice/user@1000.service/memory.max: no such file or directory›
W210114 05:59:14.615630 1 cli/start.go:983 ⋮ ‹Using the default setting for --cache (128 MiB).›
‹  A significantly larger value is usually needed for good performance.›
‹  If you have a dedicated server a reasonable setting is --cache=.25 (3.8 GiB).›
I210114 05:59:14.615805 1 server/status/recorder.go:605 ⋮ ‹available memory from cgroups is unsupported, using system memory 15 GiB instead: can't read available memory from cgroup v2 at /sys/fs/cgroup/unified/user.slice/user-1000.slice/user@1000.service/memory.max: open /sys/fs/cgroup/unified/user.slice/user-1000.slice/user@1000.service/memory.max: no such file or directory›
I210114 05:59:14.615816 1 cli/start.go:1164 ⋮ ‹CockroachDB CCL v20.2.3 (x86_64-unknown-linux-gnu, built 2020/12/14 18:33:39, go1.13.14)›
I210114 05:59:14.616658 1 server/status/recorder.go:605 ⋮ ‹available memory from cgroups is unsupported, using system memory 15 GiB instead: can't read available memory from cgroup v2 at /sys/fs/cgroup/unified/user.slice/user-1000.slice/user@1000.service/memory.max: open /sys/fs/cgroup/unified/user.slice/user-1000.slice/user@1000.service/memory.max: no such file or directory›
I210114 05:59:14.616675 1 server/config.go:434 ⋮ system total memory: ‹15 GiB›
I210114 05:59:14.616688 1 server/config.go:436 ⋮ server configuration:
‹max offset             500000000›
‹cache size             128 MiB›
‹SQL memory pool size   3.8 GiB›
‹scan interval          10m0s›
‹scan min idle time     10ms›
‹scan max idle time     1s›
‹event log enabled      true›
I210114 05:59:14.616728 1 cli/start.go:961 ⋮ using local environment variables: ‹COCKROACH_BACKGROUND_RESTART=1›
I210114 05:59:14.616738 1 cli/start.go:968 ⋮ process identity: ‹uid 1000 euid 1000 gid 1000 egid 1000›
I210114 05:59:14.619008 1 cli/start.go:504 ⋮ GEOS loaded from directory ‹/usr/local/lib/cockroach›
I210114 05:59:14.619051 1 cli/start.go:509 ⋮ starting cockroach node
I210114 05:59:14.633360 135 server/server.go:782 ⋮ [n?] monitoring forward clock jumps based on server.clock.forward_jump_check_enabled
I210114 05:59:14.883433 135 server/config.go:625 ⋮ [n?] 1 storage engine‹› initialized
I210114 05:59:14.883457 135 server/config.go:628 ⋮ [n?] ‹Pebble cache size: 128 MiB›
I210114 05:59:14.883466 135 server/config.go:628 ⋮ [n?] ‹store 0: RocksDB, max size 0 B, max open file limit 10000›
I210114 05:59:14.886341 198 server/server.go:1416 ⋮ [n?] connecting to gossip network to verify cluster ID ‹"55e6c439-0264-4579-bb6d-df06d1461430"›
I210114 05:59:14.887744 135 gossip/gossip.go:403 ⋮ [n1] NodeDescriptor set to ‹node_id:1 address:<network_field:"tcp" address_field:"localhost:26257" > attrs:<> locality:<> ServerVersion:<major_val:20 minor_val:2 patch:0 unstable:0 > build_tag:"v20.2.3" started_at:1610603954887739257 cluster_name:"" sql_address:<network_field:"tcp" address_field:"localhost:26257" >›
I210114 05:59:14.892293 198 server/server.go:1419 ⋮ [n1] node connected via gossip
W210114 05:59:14.892859 270 kv/kvserver/replica_range_lease.go:555 ⋮ [n1,s1,r6/1:‹/Table/{SystemCon…-11}›] can't determine lease status of (n1,s1):1 due to node liveness error: node not in the liveness table
(1) attached stack trace
  -- stack trace:
  | github.com/cockroachdb/cockroach/pkg/kv/kvserver.init
  | 	/go/src/github.com/cockroachdb/cockroach/pkg/kv/kvserver/node_liveness.go:45
  | runtime.doInit
  | 	/usr/local/go/src/runtime/proc.go:5228
  | runtime.doInit
  | 	/usr/local/go/src/runtime/proc.go:5223
  | runtime.doInit
  | 	/usr/local/go/src/runtime/proc.go:5223
  | runtime.doInit
  | 	/usr/local/go/src/runtime/proc.go:5223
  | runtime.doInit
  | 	/usr/local/go/src/runtime/proc.go:5223
  | runtime.main
  | 	/usr/local/go/src/runtime/proc.go:190
  | runtime.goexit
  | 	/usr/local/go/src/runtime/asm_amd64.s:1357
Wraps: (2) node not in the liveness table
Error types: (1) *withstack.withStack (2) *errutil.leafError
W210114 05:59:14.893029 270 kv/kvserver/store.go:1704 ⋮ [n1,s1,r6/1:‹/Table/{SystemCon…-11}›] could not gossip system config: ‹[NotLeaseHolderError] r6: replica (n1,s1):1 not lease holder; lease holder unknown›
(1) ‹[NotLeaseHolderError] r6: replica (n1,s1):1 not lease holder; lease holder unknown›
Error types: (1) *roachpb.NotLeaseHolderError
I210114 05:59:14.893468 135 server/node.go:430 ⋮ [n1] initialized store [n1,s1]: disk (capacity=329 GiB, available=279 GiB, used=88 MiB, logicalBytes=123 MiB), ranges=36, leases=0, queries=0.00, writes=0.00, bytesPerReplica={p10=0.00 p25=0.00 p50=0.00 p75=18288.00 p90=52676.00 pMax=127936582.00}, writesPerReplica={p10=0.00 p25=0.00 p50=0.00 p75=0.00 p90=0.00 pMax=0.00}
I210114 05:59:14.893937 135 kv/kvserver/stores.go:236 ⋮ [n1] read 0 node addresses from persistent storage
I210114 05:59:14.895329 135 server/node.go:489 ⋮ [n1] started with engine type ‹2›
I210114 05:59:14.895379 135 server/node.go:491 ⋮ [n1] started with attributes ‹[]›
I210114 05:59:14.895437 135 server/goroutinedumper/goroutinedumper.go:120 ⋮ [n1] writing goroutine dumps to ‹/home/erikaosgue/erika_work/goland/truora_project/snake_project/backend/cockroach-data/logs/goroutine_dump›
I210114 05:59:14.895462 135 server/heapprofiler/heapprofiler.go:49 ⋮ [n1] writing go heap profiles to ‹/home/erikaosgue/erika_work/goland/truora_project/snake_project/backend/cockroach-data/logs/heap_profiler› at least every 1h0m0s
I210114 05:59:14.895487 135 server/heapprofiler/cgoprofiler.go:53 ⋮ [n1] to enable jmalloc profiling: "export MALLOC_CONF=prof:true" or "ln -s prof:true /etc/malloc.conf"
I210114 05:59:14.895500 135 server/heapprofiler/statsprofiler.go:54 ⋮ [n1] writing memory stats to ‹/home/erikaosgue/erika_work/goland/truora_project/snake_project/backend/cockroach-data/logs/heap_profiler› at last every 1h0m0s
I210114 05:59:14.895528 135 server/server.go:1536 ⋮ [n1] starting http server at ‹127.0.0.1:8080› (use: ‹localhost:8080›)
I210114 05:59:14.895555 135 server/server.go:1543 ⋮ [n1] starting grpc/postgres server at ‹127.0.0.1:26257›
I210114 05:59:14.895580 135 server/server.go:1544 ⋮ [n1] advertising CockroachDB node at ‹localhost:26257›
I210114 05:59:14.908441 135 sql/sqlliveness/slinstance/slinstance.go:252 ⋮ [n1] starting SQL liveness instance
I210114 05:59:14.908960 32 sql/temporary_schema.go:497 ⋮ [n1] running temporary object cleanup background job
I210114 05:59:14.908936 135 server/server_sql.go:753 ⋮ [n1] done ensuring all necessary migrations have run
I210114 05:59:14.909271 135 server/server.go:1876 ⋮ [n1] serving sql connections
I210114 05:59:14.909472 135 cli/start.go:670 ⋮ [config] clusterID: ‹55e6c439-0264-4579-bb6d-df06d1461430›
I210114 05:59:14.909512 135 cli/start.go:680 ⋮ node startup completed:
CockroachDB node starting at 2021-01-14 05:59:14.909337769 +0000 UTC (took 0.3s)
build:               CCL v20.2.3 @ 2020/12/14 18:33:39 (go1.13.14)
webui:               ‹http://localhost:8080›
sql:                 ‹postgresql://root@localhost:26257?sslmode=disable›
RPC client flags:    ‹cockroach <client cmd> --host=localhost:26257 --insecure›
logs:                ‹/home/erikaosgue/erika_work/goland/truora_project/snake_project/backend/cockroach-data/logs›
temp dir:            ‹/home/erikaosgue/erika_work/goland/truora_project/snake_project/backend/cockroach-data/cockroach-temp503204909›
external I/O path:   ‹/home/erikaosgue/erika_work/goland/truora_project/snake_project/backend/cockroach-data/extern›
store[0]:            ‹path=/home/erikaosgue/erika_work/goland/truora_project/snake_project/backend/cockroach-data›
storage engine:      pebble
status:              restarted pre-existing node
clusterID:           ‹55e6c439-0264-4579-bb6d-df06d1461430›
nodeID:              1
I210114 05:59:14.910060 302 jobs/job_scheduler.go:346 ⋮ [n1] waiting 2m0s before scheduled jobs daemon start
I210114 05:59:14.921988 32 sql/temporary_schema.go:532 ⋮ [n1] found 0 temporary schemas
I210114 05:59:14.922022 32 sql/temporary_schema.go:535 ⋮ [n1] early exiting temporary schema cleaner as no temporary schemas were found
I210114 05:59:14.922033 32 sql/temporary_schema.go:536 ⋮ [n1] completed temporary object cleanup job
I210114 05:59:14.922042 32 sql/temporary_schema.go:614 ⋮ [n1] temporary object cleaner next scheduled to run at 2021-01-14 06:29:14.908915817 +0000 UTC
I210114 05:59:14.925225 303 server/server_update.go:55 ⋮ [n1] no need to upgrade, cluster already at the newest version
I210114 05:59:14.935572 416 sql/catalog/lease/lease.go:2115 ⋮ released orphaned lease: ‹{id:50 version:1 expiration:{Time:{wall:198160000 ext:63746197033 loc:<nil>}}}›
I210114 05:59:14.935575 417 sql/catalog/lease/lease.go:2115 ⋮ released orphaned lease: ‹{id:91 version:2 expiration:{Time:{wall:8444000 ext:63746197026 loc:<nil>}}}›
I210114 05:59:14.935577 450 sql/catalog/lease/lease.go:2115 ⋮ released orphaned lease: ‹{id:92 version:1 expiration:{Time:{wall:910267000 ext:63746197038 loc:<nil>}}}›
I210114 05:59:14.936147 28 sql/event_log.go:162 ⋮ [n1] Event: ‹"node_restart"›, target: 1, info: ‹{Descriptor:{NodeID:1 Address:localhost:26257 Attrs: Locality: ServerVersion:20.2 BuildTag:v20.2.3 StartedAt:1610603954887739257 LocalityAddress:[] ClusterName: SQLAddress:localhost:26257} ClusterID:55e6c439-0264-4579-bb6d-df06d1461430 StartedAt:1610603954887739257 LastUp:1610599980731901246}›
I210114 05:59:14.936692 30 sql/sqlliveness/slstorage/slstorage.go:342 ⋮ [n1] inserted sqlliveness session ‹6e7350633f574c0b9b1df00dd90de1bb›
I210114 05:59:14.936717 30 sql/sqlliveness/slinstance/slinstance.go:143 ⋮ [n1] created new SQL liveness session ‹6e7350633f574c0b9b1df00dd90de1bb›
I210114 05:59:16.451323 201 gossip/gossip.go:1508 ⋮ [n1] node has connected to cluster via gossip
I210114 05:59:16.452609 201 kv/kvserver/stores.go:255 ⋮ [n1] wrote 0 node addresses to persistent storage
I210114 05:59:24.897140 73 server/status/runtime.go:522 ⋮ [n1] runtime stats: 177 MiB RSS, 214 goroutines, 22 MiB/35 MiB/46 MiB GO alloc/idle/total, 79 MiB/116 MiB CGO alloc/total, 0.0 CGO/sec, 0.0/0.0 %(u/s)time, 0.0 %gc (99x), 3.3 KiB/2.9 KiB (r/w)net
I210114 05:59:34.896875 73 server/status/runtime.go:522 ⋮ [n1] runtime stats: 178 MiB RSS, 216 goroutines, 23 MiB/34 MiB/46 MiB GO alloc/idle/total, 79 MiB/116 MiB CGO alloc/total, 2.9 CGO/sec, 2.0/0.3 %(u/s)time, 0.0 %gc (1x), 67 KiB/49 KiB (r/w)net
I210114 05:59:34.898880 68 kv/kvserver/store.go:2638 ⋮ [n1,s1] sstables (read amplification = 1):
‹6 [ 18M 6 ]: 4M[4] 2M 1K›
I210114 05:59:34.899159 68 kv/kvserver/store.go:2639 ⋮ [n1,s1] ‹›
‹__level_____count____size___score______in__ingest(sz_cnt)____move(sz_cnt)___write(sz_cnt)____read___r-amp___w-amp›
‹    WAL         2   548 K       -   545 K       -       -       -       -   548 K       -       -       -     1.0›
‹      0         0     0 B    0.00     0 B     0 B       0     0 B       0     0 B       0     0 B       0     0.0›
‹      1         0     0 B    0.00     0 B     0 B       0     0 B       0     0 B       0     0 B       0     0.0›
‹      2         0     0 B    0.00     0 B     0 B       0     0 B       0     0 B       0     0 B       0     0.0›
‹      3         0     0 B    0.00     0 B     0 B       0     0 B       0     0 B       0     0 B       0     0.0›
‹      4         0     0 B    0.00     0 B     0 B       0     0 B       0     0 B       0     0 B       0     0.0›
‹      5         0     0 B    0.00     0 B     0 B       0     0 B       0     0 B       0     0 B       0     0.0›
‹      6         6    18 M       -   252 K     0 B       0     0 B       0    18 M       5    18 M       1    73.5›
‹  total         6    18 M       -   548 K     0 B       0     0 B       0    19 M       5    18 M       1    34.8›
‹  flush         0›
‹compact         1     0 B          (size == estimated-debt)›
‹ memtbl         2    64 M›
‹zmemtbl         0     0 B›
‹   ztbl         0     0 B›
‹ bcache        27   785 K   41.9%  (score == hit-rate)›
‹ tcache         3   1.8 K   99.4%  (score == hit-rate)›
‹ titers         0›
‹ filter         -       -   86.9%  (score == utility)›
I210114 05:59:35.171776 29 sql/sqlliveness/slstorage/slstorage.go:320 ⋮ [n1] deleted 1 expired SQL liveness sessions
I210114 05:59:44.897624 73 server/status/runtime.go:522 ⋮ [n1] runtime stats: 178 MiB RSS, 216 goroutines, 20 MiB/35 MiB/47 MiB GO alloc/idle/total, 79 MiB/116 MiB CGO alloc/total, 13.8 CGO/sec, 2.0/0.4 %(u/s)time, 0.0 %gc (1x), 4.0 KiB/4.1 KiB (r/w)net
I210114 05:59:54.898698 73 server/status/runtime.go:522 ⋮ [n1] runtime stats: 179 MiB RSS, 217 goroutines, 29 MiB/28 MiB/47 MiB GO alloc/idle/total, 79 MiB/116 MiB CGO alloc/total, 0.1 CGO/sec, 1.8/0.5 %(u/s)time, 0.0 %gc (0x), 4.4 KiB/5.2 KiB (r/w)net
I210114 06:00:04.897297 73 server/status/runtime.go:522 ⋮ [n1] runtime stats: 180 MiB RSS, 217 goroutines, 24 MiB/32 MiB/49 MiB GO alloc/idle/total, 79 MiB/116 MiB CGO alloc/total, 0.1 CGO/sec, 2.2/0.5 %(u/s)time, 0.0 %gc (1x), 3.8 KiB/4.1 KiB (r/w)net
I210114 06:00:14.895711 69 gossip/gossip.go:568 ⋮ [n1] gossip status (ok, 1 node‹›)
gossip client (0/3 cur/max conns)
gossip server (0/3 cur/max conns, infos 0/0 sent/received, bytes 0B/0B sent/received)
gossip connectivity
  n1 [sentinel];
I210114 06:00:14.897908 73 server/status/runtime.go:522 ⋮ [n1] runtime stats: 180 MiB RSS, 217 goroutines, 32 MiB/25 MiB/49 MiB GO alloc/idle/total, 79 MiB/116 MiB CGO alloc/total, 0.1 CGO/sec, 1.9/0.5 %(u/s)time, 0.0 %gc (0x), 18 KiB/18 KiB (r/w)net
I210114 06:00:24.899969 73 server/status/runtime.go:522 ⋮ [n1] runtime stats: 181 MiB RSS, 216 goroutines, 27 MiB/29 MiB/50 MiB GO alloc/idle/total, 79 MiB/116 MiB CGO alloc/total, 0.9 CGO/sec, 2.5/0.5 %(u/s)time, 0.0 %gc (1x), 4.1 KiB/3.6 KiB (r/w)net
I210114 06:00:34.899455 73 server/status/runtime.go:522 ⋮ [n1] runtime stats: 181 MiB RSS, 216 goroutines, 19 MiB/36 MiB/50 MiB GO alloc/idle/total, 79 MiB/116 MiB CGO alloc/total, 0.1 CGO/sec, 2.3/0.7 %(u/s)time, 0.0 %gc (1x), 3.5 KiB/3.4 KiB (r/w)net
I210114 06:00:44.899562 73 server/status/runtime.go:522 ⋮ [n1] runtime stats: 181 MiB RSS, 216 goroutines, 27 MiB/29 MiB/50 MiB GO alloc/idle/total, 79 MiB/116 MiB CGO alloc/total, 0.1 CGO/sec, 2.2/0.5 %(u/s)time, 0.0 %gc (0x), 32 KiB/28 KiB (r/w)net
I210114 06:00:54.899472 73 server/status/runtime.go:522 ⋮ [n1] runtime stats: 181 MiB RSS, 217 goroutines, 21 MiB/34 MiB/50 MiB GO alloc/idle/total, 79 MiB/116 MiB CGO alloc/total, 0.1 CGO/sec, 2.1/0.3 %(u/s)time, 0.0 %gc (1x), 2.8 KiB/2.4 KiB (r/w)net
I210114 06:01:04.897948 73 server/status/runtime.go:522 ⋮ [n1] runtime stats: 182 MiB RSS, 217 goroutines, 30 MiB/26 MiB/50 MiB GO alloc/idle/total, 79 MiB/116 MiB CGO alloc/total, 0.1 CGO/sec, 1.7/0.5 %(u/s)time, 0.0 %gc (0x), 11 KiB/9.1 KiB (r/w)net
I210114 06:01:14.895836 69 gossip/gossip.go:568 ⋮ [n1] gossip status (ok, 1 node‹›)
gossip client (0/3 cur/max conns)
gossip server (0/3 cur/max conns, infos 0/0 sent/received, bytes 0B/0B sent/received)
I210114 06:01:14.898443 73 server/status/runtime.go:522 ⋮ [n1] runtime stats: 182 MiB RSS, 217 goroutines, 22 MiB/33 MiB/50 MiB GO alloc/idle/total, 79 MiB/116 MiB CGO alloc/total, 0.1 CGO/sec, 1.8/0.3 %(u/s)time, 0.0 %gc (1x), 24 KiB/24 KiB (r/w)net
I210114 06:01:24.899700 73 server/status/runtime.go:522 ⋮ [n1] runtime stats: 182 MiB RSS, 216 goroutines, 33 MiB/24 MiB/50 MiB GO alloc/idle/total, 79 MiB/116 MiB CGO alloc/total, 0.1 CGO/sec, 2.4/0.4 %(u/s)time, 0.0 %gc (0x), 9.5 KiB/9.0 KiB (r/w)net
I210114 06:01:34.899896 73 server/status/runtime.go:522 ⋮ [n1] runtime stats: 183 MiB RSS, 216 goroutines, 25 MiB/30 MiB/50 MiB GO alloc/idle/total, 79 MiB/116 MiB CGO alloc/total, 0.1 CGO/sec, 1.9/0.7 %(u/s)time, 0.0 %gc (1x), 4.0 KiB/4.2 KiB (r/w)net
I210114 06:01:44.898495 73 server/status/runtime.go:522 ⋮ [n1] runtime stats: 183 MiB RSS, 216 goroutines, 34 MiB/23 MiB/50 MiB GO alloc/idle/total, 79 MiB/116 MiB CGO alloc/total, 0.1 CGO/sec, 1.5/0.6 %(u/s)time, 0.0 %gc (0x), 11 KiB/11 KiB (r/w)net
I210114 06:01:54.898961 73 server/status/runtime.go:522 ⋮ [n1] runtime stats: 184 MiB RSS, 217 goroutines, 28 MiB/28 MiB/51 MiB GO alloc/idle/total, 79 MiB/116 MiB CGO alloc/total, 0.1 CGO/sec, 2.2/0.4 %(u/s)time, 0.0 %gc (1x), 20 KiB/14 KiB (r/w)net
I210114 06:02:04.901758 73 server/status/runtime.go:522 ⋮ [n1] runtime stats: 184 MiB RSS, 217 goroutines, 35 MiB/22 MiB/51 MiB GO alloc/idle/total, 79 MiB/116 MiB CGO alloc/total, 0.1 CGO/sec, 1.4/0.5 %(u/s)time, 0.0 %gc (0x), 16 KiB/13 KiB (r/w)net
I210114 06:02:14.895726 69 gossip/gossip.go:568 ⋮ [n1] gossip status (ok, 1 node‹›)
gossip client (0/3 cur/max conns)
gossip server (0/3 cur/max conns, infos 0/0 sent/received, bytes 0B/0B sent/received)
I210114 06:02:14.899149 73 server/status/runtime.go:522 ⋮ [n1] runtime stats: 184 MiB RSS, 217 goroutines, 29 MiB/27 MiB/52 MiB GO alloc/idle/total, 79 MiB/116 MiB CGO alloc/total, 0.1 CGO/sec, 1.7/0.6 %(u/s)time, 0.0 %gc (1x), 10 KiB/7.3 KiB (r/w)net
I210114 06:02:24.899111 73 server/status/runtime.go:522 ⋮ [n1] runtime stats: 184 MiB RSS, 216 goroutines, 20 MiB/34 MiB/52 MiB GO alloc/idle/total, 79 MiB/116 MiB CGO alloc/total, 0.1 CGO/sec, 2.2/0.3 %(u/s)time, 0.0 %gc (1x), 2.8 KiB/2.7 KiB (r/w)net
I210114 06:02:34.899476 73 server/status/runtime.go:522 ⋮ [n1] runtime stats: 185 MiB RSS, 216 goroutines, 28 MiB/27 MiB/52 MiB GO alloc/idle/total, 79 MiB/116 MiB CGO alloc/total, 0.1 CGO/sec, 1.5/0.7 %(u/s)time, 0.0 %gc (0x), 18 KiB/17 KiB (r/w)net
I210114 06:02:44.899385 73 server/status/runtime.go:522 ⋮ [n1] runtime stats: 186 MiB RSS, 216 goroutines, 20 MiB/34 MiB/52 MiB GO alloc/idle/total, 79 MiB/116 MiB CGO alloc/total, 0.1 CGO/sec, 2.1/0.4 %(u/s)time, 0.0 %gc (1x), 4.4 KiB/4.4 KiB (r/w)net
I210114 06:02:54.901200 73 server/status/runtime.go:522 ⋮ [n1] runtime stats: 186 MiB RSS, 215 goroutines, 29 MiB/28 MiB/52 MiB GO alloc/idle/total, 79 MiB/116 MiB CGO alloc/total, 0.1 CGO/sec, 1.7/0.3 %(u/s)time, 0.0 %gc (0x), 3.0 KiB/2.6 KiB (r/w)net
I210114 06:03:04.900708 73 server/status/runtime.go:522 ⋮ [n1] runtime stats: 186 MiB RSS, 215 goroutines, 21 MiB/33 MiB/52 MiB GO alloc/idle/total, 79 MiB/116 MiB CGO alloc/total, 0.1 CGO/sec, 2.6/0.5 %(u/s)time, 0.0 %gc (1x), 14 KiB/16 KiB (r/w)net
I210114 06:03:06.134883 1 cli/start.go:733 ⋮ received signal 'terminated'
I210114 06:03:06.136775 1 cli/start.go:817 ⋮ initiating graceful shutdown of server
I210114 06:03:06.169432 3445 server/drain.go:175 ⋮ [server drain process] drain remaining: 3
I210114 06:03:06.170601 3445 server/drain.go:177 ⋮ [server drain process] drain details: descriptor leases: 2, liveness record: 1
I210114 06:03:06.376866 3445 server/drain.go:175 ⋮ [server drain process] drain remaining: 0
I210114 06:03:06.377825 3445 util/stop/stopper.go:563 ⋮ [server drain process] quiescing
W210114 06:03:06.379083 297 jobs/registry.go:672 ⋮ canceling all adopted jobs due to stopper quiescing
W210114 06:03:06.379261 30 sql/sqlliveness/slinstance/slinstance.go:182 ⋮ [n1] exiting heartbeat loop
I210114 06:03:06.388026 1 cli/start.go:869 ⋮ server drained and shutdown completed
