I210118 05:45:46.738922 1 util/log/sync_buffer.go:195 ⋮ [config] file created at: 2021/01/18 05:45:46
I210118 05:45:46.738944 1 util/log/sync_buffer.go:195 ⋮ [config] running on machine: ‹TK-Pad›
I210118 05:45:46.738953 1 util/log/sync_buffer.go:195 ⋮ [config] binary: CockroachDB CCL v20.2.3 (x86_64-unknown-linux-gnu, built 2020/12/14 18:33:39, go1.13.14)
I210118 05:45:46.738965 1 util/log/sync_buffer.go:195 ⋮ [config] arguments: ‹[cockroach start-single-node --insecure --listen-addr=localhost:26257 --http-addr=localhost:8080]›
I210118 05:45:46.738978 1 util/log/sync_buffer.go:195 ⋮ [config] line format: [IWEF]yymmdd hh:mm:ss.uuuuuu goid file:line msg utf8=✓
W210118 05:45:46.738786 1 cli/start.go:1139 ⋮ ALL SECURITY CONTROLS HAVE BEEN DISABLED!

This mode is intended for non-production testing only.

In this mode:
- Your cluster is open to any client that can access ‹localhost›.
- Intruders with access to your machine or network can observe client-server traffic.
- Intruders can log in without password and read or write any data in the cluster.
- Intruders can consume all your server's resources and cause unavailability.
I210118 05:45:46.739067 1 cli/start.go:1149 ⋮ To start a secure server without mandating TLS for clients,
consider --accept-sql-without-tls instead. For other options, see:

- ‹https://go.crdb.dev/issue-v/53404/v20.2›
- https://www.cockroachlabs.com/docs/v20.2/secure-a-cluster.html
I210118 05:45:46.739381 1 server/status/recorder.go:605 ⋮ ‹available memory from cgroups is unsupported, using system memory 15 GiB instead: can't read available memory from cgroup v2 at /sys/fs/cgroup/unified/user.slice/user-1000.slice/user@1000.service/memory.max: open /sys/fs/cgroup/unified/user.slice/user-1000.slice/user@1000.service/memory.max: no such file or directory›
W210118 05:45:46.739398 1 cli/start.go:983 ⋮ ‹Using the default setting for --cache (128 MiB).›
‹  A significantly larger value is usually needed for good performance.›
‹  If you have a dedicated server a reasonable setting is --cache=.25 (3.8 GiB).›
I210118 05:45:46.739602 1 server/status/recorder.go:605 ⋮ ‹available memory from cgroups is unsupported, using system memory 15 GiB instead: can't read available memory from cgroup v2 at /sys/fs/cgroup/unified/user.slice/user-1000.slice/user@1000.service/memory.max: open /sys/fs/cgroup/unified/user.slice/user-1000.slice/user@1000.service/memory.max: no such file or directory›
I210118 05:45:46.739614 1 cli/start.go:1164 ⋮ ‹CockroachDB CCL v20.2.3 (x86_64-unknown-linux-gnu, built 2020/12/14 18:33:39, go1.13.14)›
I210118 05:45:46.740274 1 server/status/recorder.go:605 ⋮ ‹available memory from cgroups is unsupported, using system memory 15 GiB instead: can't read available memory from cgroup v2 at /sys/fs/cgroup/unified/user.slice/user-1000.slice/user@1000.service/memory.max: open /sys/fs/cgroup/unified/user.slice/user-1000.slice/user@1000.service/memory.max: no such file or directory›
I210118 05:45:46.740292 1 server/config.go:434 ⋮ system total memory: ‹15 GiB›
I210118 05:45:46.740308 1 server/config.go:436 ⋮ server configuration:
‹max offset             500000000›
‹cache size             128 MiB›
‹SQL memory pool size   3.8 GiB›
‹scan interval          10m0s›
‹scan min idle time     10ms›
‹scan max idle time     1s›
‹event log enabled      true›
I210118 05:45:46.740353 1 cli/start.go:961 ⋮ using local environment variables: ‹COCKROACH_BACKGROUND_RESTART=1›
I210118 05:45:46.740369 1 cli/start.go:968 ⋮ process identity: ‹uid 1000 euid 1000 gid 1000 egid 1000›
I210118 05:45:46.742945 1 cli/start.go:504 ⋮ GEOS loaded from directory ‹/usr/local/lib/cockroach›
I210118 05:45:46.742987 1 cli/start.go:509 ⋮ starting cockroach node
I210118 05:45:46.755481 55 server/server.go:782 ⋮ [n?] monitoring forward clock jumps based on server.clock.forward_jump_check_enabled
I210118 05:45:46.837850 55 server/config.go:625 ⋮ [n?] 1 storage engine‹› initialized
I210118 05:45:46.837882 55 server/config.go:628 ⋮ [n?] ‹Pebble cache size: 128 MiB›
I210118 05:45:46.837896 55 server/config.go:628 ⋮ [n?] ‹store 0: RocksDB, max size 0 B, max open file limit 10000›
I210118 05:45:46.840693 193 server/server.go:1416 ⋮ [n?] connecting to gossip network to verify cluster ID ‹"55e6c439-0264-4579-bb6d-df06d1461430"›
I210118 05:45:46.842078 55 gossip/gossip.go:403 ⋮ [n1] NodeDescriptor set to ‹node_id:1 address:<network_field:"tcp" address_field:"localhost:26257" > attrs:<> locality:<> ServerVersion:<major_val:20 minor_val:2 patch:0 unstable:0 > build_tag:"v20.2.3" started_at:1610948746842071659 cluster_name:"" sql_address:<network_field:"tcp" address_field:"localhost:26257" >›
W210118 05:45:46.847938 287 kv/kvserver/replica_range_lease.go:555 ⋮ [n1,s1,r6/1:‹/Table/{SystemCon…-11}›] can't determine lease status of (n1,s1):1 due to node liveness error: node not in the liveness table
(1) attached stack trace
  -- stack trace:
  | github.com/cockroachdb/cockroach/pkg/kv/kvserver.init
  | 	/go/src/github.com/cockroachdb/cockroach/pkg/kv/kvserver/node_liveness.go:45
  | runtime.doInit
  | 	/usr/local/go/src/runtime/proc.go:5228
  | runtime.doInit
  | 	/usr/local/go/src/runtime/proc.go:5223
  | runtime.doInit
  | 	/usr/local/go/src/runtime/proc.go:5223
  | runtime.doInit
  | 	/usr/local/go/src/runtime/proc.go:5223
  | runtime.doInit
  | 	/usr/local/go/src/runtime/proc.go:5223
  | runtime.main
  | 	/usr/local/go/src/runtime/proc.go:190
  | runtime.goexit
  | 	/usr/local/go/src/runtime/asm_amd64.s:1357
Wraps: (2) node not in the liveness table
Error types: (1) *withstack.withStack (2) *errutil.leafError
W210118 05:45:46.848131 287 kv/kvserver/store.go:1704 ⋮ [n1,s1,r6/1:‹/Table/{SystemCon…-11}›] could not gossip system config: ‹[NotLeaseHolderError] r6: replica (n1,s1):1 not lease holder; lease holder unknown›
(1) ‹[NotLeaseHolderError] r6: replica (n1,s1):1 not lease holder; lease holder unknown›
Error types: (1) *roachpb.NotLeaseHolderError
I210118 05:45:46.848319 193 server/server.go:1419 ⋮ [n1] node connected via gossip
I210118 05:45:46.858171 55 server/node.go:430 ⋮ [n1] initialized store [n1,s1]: disk (capacity=329 GiB, available=277 GiB, used=106 MiB, logicalBytes=211 MiB), ranges=36, leases=2, queries=0.00, writes=0.00, bytesPerReplica={p10=0.00 p25=0.00 p50=0.00 p75=23546.00 p90=50369.00 pMax=220086176.00}, writesPerReplica={p10=0.00 p25=0.00 p50=0.00 p75=0.00 p90=0.00 pMax=0.00}
I210118 05:45:46.858446 55 kv/kvserver/stores.go:236 ⋮ [n1] read 0 node addresses from persistent storage
I210118 05:45:46.859245 55 server/node.go:489 ⋮ [n1] started with engine type ‹2›
I210118 05:45:46.859301 55 server/node.go:491 ⋮ [n1] started with attributes ‹[]›
I210118 05:45:46.859365 55 server/goroutinedumper/goroutinedumper.go:120 ⋮ [n1] writing goroutine dumps to ‹/home/erikaosgue/erika_work/goland/truora_project/snake_project/backend/cockroach-data/logs/goroutine_dump›
I210118 05:45:46.859394 55 server/heapprofiler/heapprofiler.go:49 ⋮ [n1] writing go heap profiles to ‹/home/erikaosgue/erika_work/goland/truora_project/snake_project/backend/cockroach-data/logs/heap_profiler› at least every 1h0m0s
I210118 05:45:46.859418 55 server/heapprofiler/cgoprofiler.go:53 ⋮ [n1] to enable jmalloc profiling: "export MALLOC_CONF=prof:true" or "ln -s prof:true /etc/malloc.conf"
I210118 05:45:46.859431 55 server/heapprofiler/statsprofiler.go:54 ⋮ [n1] writing memory stats to ‹/home/erikaosgue/erika_work/goland/truora_project/snake_project/backend/cockroach-data/logs/heap_profiler› at last every 1h0m0s
I210118 05:45:46.859457 55 server/server.go:1536 ⋮ [n1] starting http server at ‹127.0.0.1:8080› (use: ‹localhost:8080›)
I210118 05:45:46.859485 55 server/server.go:1543 ⋮ [n1] starting grpc/postgres server at ‹127.0.0.1:26257›
I210118 05:45:46.859509 55 server/server.go:1544 ⋮ [n1] advertising CockroachDB node at ‹localhost:26257›
I210118 05:45:46.876002 55 sql/sqlliveness/slinstance/slinstance.go:252 ⋮ [n1] starting SQL liveness instance
I210118 05:45:46.876603 55 server/server_sql.go:753 ⋮ [n1] done ensuring all necessary migrations have run
I210118 05:45:46.876648 55 server/server.go:1876 ⋮ [n1] serving sql connections
I210118 05:45:46.890299 338 jobs/job_scheduler.go:346 ⋮ [n1] waiting 3m0s before scheduled jobs daemon start
I210118 05:45:46.890475 55 cli/start.go:670 ⋮ [config] clusterID: ‹55e6c439-0264-4579-bb6d-df06d1461430›
I210118 05:45:46.890534 55 cli/start.go:680 ⋮ node startup completed:
CockroachDB node starting at 2021-01-18 05:45:46.876771766 +0000 UTC (took 0.1s)
build:               CCL v20.2.3 @ 2020/12/14 18:33:39 (go1.13.14)
webui:               ‹http://localhost:8080›
sql:                 ‹postgresql://root@localhost:26257?sslmode=disable›
RPC client flags:    ‹cockroach <client cmd> --host=localhost:26257 --insecure›
logs:                ‹/home/erikaosgue/erika_work/goland/truora_project/snake_project/backend/cockroach-data/logs›
temp dir:            ‹/home/erikaosgue/erika_work/goland/truora_project/snake_project/backend/cockroach-data/cockroach-temp126648014›
external I/O path:   ‹/home/erikaosgue/erika_work/goland/truora_project/snake_project/backend/cockroach-data/extern›
store[0]:            ‹path=/home/erikaosgue/erika_work/goland/truora_project/snake_project/backend/cockroach-data›
storage engine:      pebble
status:              restarted pre-existing node
clusterID:           ‹55e6c439-0264-4579-bb6d-df06d1461430›
nodeID:              1
I210118 05:45:46.893702 324 sql/temporary_schema.go:497 ⋮ [n1] running temporary object cleanup background job
I210118 05:45:46.895916 324 sql/temporary_schema.go:532 ⋮ [n1] found 0 temporary schemas
I210118 05:45:46.895958 324 sql/temporary_schema.go:535 ⋮ [n1] early exiting temporary schema cleaner as no temporary schemas were found
I210118 05:45:46.895975 324 sql/temporary_schema.go:536 ⋮ [n1] completed temporary object cleanup job
I210118 05:45:46.895991 324 sql/temporary_schema.go:614 ⋮ [n1] temporary object cleaner next scheduled to run at 2021-01-18 06:15:46.890133304 +0000 UTC
I210118 05:45:46.896816 339 server/server_update.go:55 ⋮ [n1] no need to upgrade, cluster already at the newest version
I210118 05:45:46.909158 322 sql/sqlliveness/slstorage/slstorage.go:342 ⋮ [n1] inserted sqlliveness session ‹65df6a885bc44802ab9560ce3baca10a›
I210118 05:45:46.909225 322 sql/sqlliveness/slinstance/slinstance.go:143 ⋮ [n1] created new SQL liveness session ‹65df6a885bc44802ab9560ce3baca10a›
I210118 05:45:46.925974 32 sql/event_log.go:162 ⋮ [n1] Event: ‹"node_restart"›, target: 1, info: ‹{Descriptor:{NodeID:1 Address:localhost:26257 Attrs: Locality: ServerVersion:20.2 BuildTag:v20.2.3 StartedAt:1610948746842071659 LocalityAddress:[] ClusterName: SQLAddress:localhost:26257} ClusterID:55e6c439-0264-4579-bb6d-df06d1461430 StartedAt:1610948746842071659 LastUp:1610948740506617099}›
I210118 05:45:49.013929 212 gossip/gossip.go:1508 ⋮ [n1] node has connected to cluster via gossip
I210118 05:45:49.015401 212 kv/kvserver/stores.go:255 ⋮ [n1] wrote 0 node addresses to persistent storage
I210118 05:45:56.866489 172 server/status/runtime.go:522 ⋮ [n1] runtime stats: 195 MiB RSS, 205 goroutines, 21 MiB/100 MiB/54 MiB GO alloc/idle/total, 30 MiB/64 MiB CGO alloc/total, 0.0 CGO/sec, 0.0/0.0 %(u/s)time, 0.0 %gc (125x), 19 KiB/7.9 KiB (r/w)net
I210118 05:46:06.866301 172 server/status/runtime.go:522 ⋮ [n1] runtime stats: 196 MiB RSS, 205 goroutines, 16 MiB/104 MiB/45 MiB GO alloc/idle/total, 30 MiB/64 MiB CGO alloc/total, 1.9 CGO/sec, 3.5/0.3 %(u/s)time, 0.0 %gc (1x), 15 KiB/13 KiB (r/w)net
I210118 05:46:06.868253 167 kv/kvserver/store.go:2638 ⋮ [n1,s1] sstables (read amplification = 1):
‹6 [ 27M 7 ]: 4M[6] 3M›
I210118 05:46:06.868428 167 kv/kvserver/store.go:2639 ⋮ [n1,s1] ‹›
‹__level_____count____size___score______in__ingest(sz_cnt)____move(sz_cnt)___write(sz_cnt)____read___r-amp___w-amp›
‹    WAL         2   530 K       -   528 K       -       -       -       -   530 K       -       -       -     1.0›
‹      0         0     0 B    0.00     0 B     0 B       0     0 B       0     0 B       0     0 B       0     0.0›
‹      1         0     0 B    0.00     0 B     0 B       0     0 B       0     0 B       0     0 B       0     0.0›
‹      2         0     0 B    0.00     0 B     0 B       0     0 B       0     0 B       0     0 B       0     0.0›
‹      3         0     0 B    0.00     0 B     0 B       0     0 B       0     0 B       0     0 B       0     0.0›
‹      4         0     0 B    0.00     0 B     0 B       0     0 B       0     0 B       0     0 B       0     0.0›
‹      5         0     0 B    0.00     0 B     0 B       0     0 B       0     0 B       0     0 B       0     0.0›
‹      6         7    27 M       -   223 K     0 B       0     0 B       0    27 M       7    27 M       1   123.1›
‹  total         7    27 M       -   530 K     0 B       0     0 B       0    27 M       7    27 M       1    52.9›
‹  flush         0›
‹compact         1     0 B          (size == estimated-debt)›
‹ memtbl         2    16 M›
‹zmemtbl         0     0 B›
‹   ztbl         0     0 B›
‹ bcache        24   732 K   44.5%  (score == hit-rate)›
‹ tcache         2   1.2 K   99.5%  (score == hit-rate)›
‹ titers         0›
‹ filter         -       -   80.7%  (score == utility)›
I210118 05:46:16.867527 172 server/status/runtime.go:522 ⋮ [n1] runtime stats: 196 MiB RSS, 205 goroutines, 25 MiB/96 MiB/45 MiB GO alloc/idle/total, 30 MiB/64 MiB CGO alloc/total, 0.1 CGO/sec, 1.2/0.3 %(u/s)time, 0.0 %gc (0x), 13 KiB/3.3 KiB (r/w)net
I210118 05:46:24.255073 33 sql/sqlliveness/slstorage/slstorage.go:320 ⋮ [n1] deleted 1 expired SQL liveness sessions
I210118 05:46:26.869212 172 server/status/runtime.go:522 ⋮ [n1] runtime stats: 197 MiB RSS, 208 goroutines, 24 MiB/97 MiB/46 MiB GO alloc/idle/total, 30 MiB/64 MiB CGO alloc/total, 14.4 CGO/sec, 2.4/0.5 %(u/s)time, 0.0 %gc (1x), 496 KiB/415 KiB (r/w)net
I210118 05:46:36.868678 172 server/status/runtime.go:522 ⋮ [n1] runtime stats: 197 MiB RSS, 208 goroutines, 17 MiB/101 MiB/48 MiB GO alloc/idle/total, 30 MiB/64 MiB CGO alloc/total, 11.5 CGO/sec, 2.5/0.8 %(u/s)time, 0.0 %gc (1x), 15 KiB/6.3 KiB (r/w)net
I210118 05:46:46.865651 168 gossip/gossip.go:568 ⋮ [n1] gossip status (ok, 1 node‹›)
gossip client (0/3 cur/max conns)
gossip server (0/3 cur/max conns, infos 0/0 sent/received, bytes 0B/0B sent/received)
gossip connectivity
  n1 [sentinel];
I210118 05:46:46.868885 172 server/status/runtime.go:522 ⋮ [n1] runtime stats: 198 MiB RSS, 208 goroutines, 25 MiB/95 MiB/48 MiB GO alloc/idle/total, 30 MiB/64 MiB CGO alloc/total, 0.1 CGO/sec, 1.7/0.4 %(u/s)time, 0.0 %gc (0x), 34 KiB/35 KiB (r/w)net
I210118 05:46:56.869405 172 server/status/runtime.go:522 ⋮ [n1] runtime stats: 198 MiB RSS, 216 goroutines, 23 MiB/96 MiB/48 MiB GO alloc/idle/total, 31 MiB/64 MiB CGO alloc/total, 0.5 CGO/sec, 3.1/0.8 %(u/s)time, 0.0 %gc (1x), 55 KiB/44 KiB (r/w)net
I210118 05:47:06.869982 172 server/status/runtime.go:522 ⋮ [n1] runtime stats: 198 MiB RSS, 207 goroutines, 32 MiB/89 MiB/48 MiB GO alloc/idle/total, 31 MiB/64 MiB CGO alloc/total, 0.1 CGO/sec, 3.0/0.8 %(u/s)time, 0.0 %gc (0x), 17 KiB/13 KiB (r/w)net
I210118 05:47:16.870137 172 server/status/runtime.go:522 ⋮ [n1] runtime stats: 198 MiB RSS, 207 goroutines, 24 MiB/96 MiB/50 MiB GO alloc/idle/total, 31 MiB/64 MiB CGO alloc/total, 0.1 CGO/sec, 2.0/0.5 %(u/s)time, 0.0 %gc (1x), 10 KiB/662 B (r/w)net
I210118 05:47:26.869163 172 server/status/runtime.go:522 ⋮ [n1] runtime stats: 199 MiB RSS, 208 goroutines, 18 MiB/101 MiB/50 MiB GO alloc/idle/total, 31 MiB/64 MiB CGO alloc/total, 0.1 CGO/sec, 2.8/0.7 %(u/s)time, 0.0 %gc (1x), 18 KiB/26 KiB (r/w)net
I210118 05:47:36.868344 172 server/status/runtime.go:522 ⋮ [n1] runtime stats: 199 MiB RSS, 208 goroutines, 26 MiB/95 MiB/50 MiB GO alloc/idle/total, 31 MiB/64 MiB CGO alloc/total, 0.1 CGO/sec, 1.2/0.8 %(u/s)time, 0.0 %gc (0x), 3.4 MiB/411 KiB (r/w)net
I210118 05:47:46.865678 168 gossip/gossip.go:568 ⋮ [n1] gossip status (ok, 1 node‹›)
gossip client (0/3 cur/max conns)
gossip server (0/3 cur/max conns, infos 0/0 sent/received, bytes 0B/0B sent/received)
I210118 05:47:46.868825 172 server/status/runtime.go:522 ⋮ [n1] runtime stats: 200 MiB RSS, 208 goroutines, 19 MiB/100 MiB/50 MiB GO alloc/idle/total, 31 MiB/64 MiB CGO alloc/total, 0.1 CGO/sec, 2.1/0.6 %(u/s)time, 0.0 %gc (1x), 3.4 KiB/4.6 KiB (r/w)net
I210118 05:47:56.869940 172 server/status/runtime.go:522 ⋮ [n1] runtime stats: 200 MiB RSS, 207 goroutines, 29 MiB/92 MiB/50 MiB GO alloc/idle/total, 31 MiB/64 MiB CGO alloc/total, 0.1 CGO/sec, 1.9/0.6 %(u/s)time, 0.0 %gc (0x), 27 KiB/12 KiB (r/w)net
I210118 05:48:06.870764 172 server/status/runtime.go:522 ⋮ [n1] runtime stats: 200 MiB RSS, 207 goroutines, 21 MiB/97 MiB/50 MiB GO alloc/idle/total, 31 MiB/64 MiB CGO alloc/total, 0.1 CGO/sec, 1.9/0.4 %(u/s)time, 0.0 %gc (1x), 12 KiB/8.2 KiB (r/w)net
I210118 05:48:16.868650 172 server/status/runtime.go:522 ⋮ [n1] runtime stats: 201 MiB RSS, 207 goroutines, 30 MiB/91 MiB/50 MiB GO alloc/idle/total, 31 MiB/64 MiB CGO alloc/total, 0.1 CGO/sec, 1.8/0.7 %(u/s)time, 0.0 %gc (0x), 15 KiB/11 KiB (r/w)net
I210118 05:48:26.868862 172 server/status/runtime.go:522 ⋮ [n1] runtime stats: 201 MiB RSS, 206 goroutines, 22 MiB/97 MiB/50 MiB GO alloc/idle/total, 31 MiB/64 MiB CGO alloc/total, 0.1 CGO/sec, 1.9/0.4 %(u/s)time, 0.0 %gc (1x), 14 KiB/28 KiB (r/w)net
I210118 05:48:36.872207 172 server/status/runtime.go:522 ⋮ [n1] runtime stats: 201 MiB RSS, 206 goroutines, 30 MiB/92 MiB/50 MiB GO alloc/idle/total, 31 MiB/64 MiB CGO alloc/total, 0.1 CGO/sec, 1.8/0.5 %(u/s)time, 0.0 %gc (0x), 10 KiB/581 B (r/w)net
I210118 05:48:46.865565 168 gossip/gossip.go:568 ⋮ [n1] gossip status (ok, 1 node‹›)
gossip client (0/3 cur/max conns)
gossip server (0/3 cur/max conns, infos 0/0 sent/received, bytes 0B/0B sent/received)
I210118 05:48:46.868840 172 server/status/runtime.go:522 ⋮ [n1] runtime stats: 202 MiB RSS, 206 goroutines, 21 MiB/99 MiB/50 MiB GO alloc/idle/total, 31 MiB/64 MiB CGO alloc/total, 0.1 CGO/sec, 1.7/0.6 %(u/s)time, 0.0 %gc (1x), 7.7 KiB/6.1 KiB (r/w)net
I210118 05:48:56.868965 172 server/status/runtime.go:522 ⋮ [n1] runtime stats: 202 MiB RSS, 205 goroutines, 31 MiB/90 MiB/50 MiB GO alloc/idle/total, 31 MiB/64 MiB CGO alloc/total, 0.1 CGO/sec, 1.3/0.0 %(u/s)time, 0.0 %gc (0x), 11 KiB/1.3 KiB (r/w)net
I210118 05:49:06.871567 172 server/status/runtime.go:522 ⋮ [n1] runtime stats: 202 MiB RSS, 205 goroutines, 22 MiB/96 MiB/50 MiB GO alloc/idle/total, 31 MiB/64 MiB CGO alloc/total, 0.1 CGO/sec, 1.7/0.4 %(u/s)time, 0.0 %gc (1x), 7.9 KiB/10 KiB (r/w)net
I210118 05:49:16.869381 172 server/status/runtime.go:522 ⋮ [n1] runtime stats: 202 MiB RSS, 205 goroutines, 30 MiB/90 MiB/50 MiB GO alloc/idle/total, 31 MiB/64 MiB CGO alloc/total, 0.1 CGO/sec, 1.7/0.2 %(u/s)time, 0.0 %gc (0x), 12 KiB/2.2 KiB (r/w)net
I210118 05:49:26.871570 172 server/status/runtime.go:522 ⋮ [n1] runtime stats: 202 MiB RSS, 206 goroutines, 22 MiB/97 MiB/51 MiB GO alloc/idle/total, 31 MiB/64 MiB CGO alloc/total, 0.1 CGO/sec, 1.8/0.5 %(u/s)time, 0.0 %gc (1x), 5.6 KiB/6.3 KiB (r/w)net
I210118 05:49:36.872891 172 server/status/runtime.go:522 ⋮ [n1] runtime stats: 203 MiB RSS, 206 goroutines, 29 MiB/92 MiB/51 MiB GO alloc/idle/total, 31 MiB/64 MiB CGO alloc/total, 0.1 CGO/sec, 2.1/0.5 %(u/s)time, 0.0 %gc (0x), 15 KiB/8.7 KiB (r/w)net
I210118 05:49:46.865593 168 gossip/gossip.go:568 ⋮ [n1] gossip status (ok, 1 node‹›)
gossip client (0/3 cur/max conns)
gossip server (0/3 cur/max conns, infos 0/0 sent/received, bytes 0B/0B sent/received)
I210118 05:49:46.869920 172 server/status/runtime.go:522 ⋮ [n1] runtime stats: 203 MiB RSS, 206 goroutines, 21 MiB/98 MiB/51 MiB GO alloc/idle/total, 31 MiB/64 MiB CGO alloc/total, 0.1 CGO/sec, 2.1/0.5 %(u/s)time, 0.0 %gc (1x), 7.3 KiB/6.5 KiB (r/w)net
I210118 05:49:56.871977 172 server/status/runtime.go:522 ⋮ [n1] runtime stats: 204 MiB RSS, 205 goroutines, 31 MiB/90 MiB/51 MiB GO alloc/idle/total, 31 MiB/64 MiB CGO alloc/total, 0.1 CGO/sec, 2.0/0.4 %(u/s)time, 0.0 %gc (0x), 17 KiB/5.7 KiB (r/w)net
I210118 05:50:06.870277 172 server/status/runtime.go:522 ⋮ [n1] runtime stats: 204 MiB RSS, 205 goroutines, 22 MiB/97 MiB/51 MiB GO alloc/idle/total, 31 MiB/64 MiB CGO alloc/total, 0.1 CGO/sec, 1.7/0.5 %(u/s)time, 0.0 %gc (1x), 7.6 KiB/10 KiB (r/w)net
I210118 05:50:16.872484 172 server/status/runtime.go:522 ⋮ [n1] runtime stats: 204 MiB RSS, 205 goroutines, 29 MiB/92 MiB/51 MiB GO alloc/idle/total, 31 MiB/64 MiB CGO alloc/total, 0.1 CGO/sec, 1.8/0.5 %(u/s)time, 0.0 %gc (0x), 27 KiB/14 KiB (r/w)net
I210118 05:50:26.872310 172 server/status/runtime.go:522 ⋮ [n1] runtime stats: 205 MiB RSS, 206 goroutines, 20 MiB/99 MiB/51 MiB GO alloc/idle/total, 31 MiB/64 MiB CGO alloc/total, 0.1 CGO/sec, 1.8/0.4 %(u/s)time, 0.0 %gc (1x), 18 KiB/12 KiB (r/w)net
I210118 05:50:36.872526 172 server/status/runtime.go:522 ⋮ [n1] runtime stats: 205 MiB RSS, 206 goroutines, 27 MiB/93 MiB/51 MiB GO alloc/idle/total, 31 MiB/64 MiB CGO alloc/total, 0.1 CGO/sec, 1.3/0.6 %(u/s)time, 0.0 %gc (0x), 7.7 KiB/1.5 KiB (r/w)net
I210118 05:50:46.865606 168 gossip/gossip.go:568 ⋮ [n1] gossip status (ok, 1 node‹›)
gossip client (0/3 cur/max conns)
gossip server (0/3 cur/max conns, infos 0/0 sent/received, bytes 0B/0B sent/received)
I210118 05:50:46.871486 172 server/status/runtime.go:522 ⋮ [n1] runtime stats: 205 MiB RSS, 206 goroutines, 20 MiB/99 MiB/51 MiB GO alloc/idle/total, 31 MiB/64 MiB CGO alloc/total, 0.1 CGO/sec, 2.7/0.6 %(u/s)time, 0.0 %gc (1x), 1.3 KiB/1.1 KiB (r/w)net
I210118 05:50:56.871171 172 server/status/runtime.go:522 ⋮ [n1] runtime stats: 206 MiB RSS, 205 goroutines, 30 MiB/90 MiB/51 MiB GO alloc/idle/total, 31 MiB/64 MiB CGO alloc/total, 0.1 CGO/sec, 1.5/0.7 %(u/s)time, 0.0 %gc (0x), 24 KiB/12 KiB (r/w)net
I210118 05:51:06.873516 172 server/status/runtime.go:522 ⋮ [n1] runtime stats: 206 MiB RSS, 205 goroutines, 22 MiB/96 MiB/51 MiB GO alloc/idle/total, 31 MiB/64 MiB CGO alloc/total, 0.1 CGO/sec, 1.9/0.5 %(u/s)time, 0.0 %gc (1x), 1.9 MiB/110 KiB (r/w)net
I210118 05:51:16.871347 172 server/status/runtime.go:522 ⋮ [n1] runtime stats: 206 MiB RSS, 205 goroutines, 30 MiB/91 MiB/51 MiB GO alloc/idle/total, 31 MiB/64 MiB CGO alloc/total, 0.1 CGO/sec, 1.8/0.5 %(u/s)time, 0.0 %gc (0x), 4.3 MiB/155 KiB (r/w)net
I210118 05:51:26.874235 172 server/status/runtime.go:522 ⋮ [n1] runtime stats: 206 MiB RSS, 206 goroutines, 20 MiB/99 MiB/51 MiB GO alloc/idle/total, 31 MiB/64 MiB CGO alloc/total, 0.1 CGO/sec, 1.8/0.7 %(u/s)time, 0.0 %gc (1x), 14 KiB/16 KiB (r/w)net
I210118 05:51:36.872952 172 server/status/runtime.go:522 ⋮ [n1] runtime stats: 206 MiB RSS, 206 goroutines, 28 MiB/93 MiB/51 MiB GO alloc/idle/total, 31 MiB/64 MiB CGO alloc/total, 0.1 CGO/sec, 2.1/0.3 %(u/s)time, 0.0 %gc (0x), 19 KiB/13 KiB (r/w)net
I210118 05:51:46.865545 168 gossip/gossip.go:568 ⋮ [n1] gossip status (ok, 1 node‹›)
gossip client (0/3 cur/max conns)
gossip server (0/3 cur/max conns, infos 0/0 sent/received, bytes 0B/0B sent/received)
I210118 05:51:46.871760 172 server/status/runtime.go:522 ⋮ [n1] runtime stats: 207 MiB RSS, 206 goroutines, 20 MiB/98 MiB/51 MiB GO alloc/idle/total, 31 MiB/64 MiB CGO alloc/total, 0.1 CGO/sec, 2.8/0.3 %(u/s)time, 0.0 %gc (1x), 2.1 KiB/3.0 KiB (r/w)net
I210118 05:51:56.873792 172 server/status/runtime.go:522 ⋮ [n1] runtime stats: 207 MiB RSS, 205 goroutines, 31 MiB/90 MiB/51 MiB GO alloc/idle/total, 31 MiB/64 MiB CGO alloc/total, 0.1 CGO/sec, 2.3/0.6 %(u/s)time, 0.0 %gc (0x), 20 KiB/9.0 KiB (r/w)net
I210118 05:52:06.872208 172 server/status/runtime.go:522 ⋮ [n1] runtime stats: 207 MiB RSS, 205 goroutines, 22 MiB/97 MiB/51 MiB GO alloc/idle/total, 31 MiB/64 MiB CGO alloc/total, 0.1 CGO/sec, 2.0/0.5 %(u/s)time, 0.0 %gc (1x), 6.9 KiB/5.8 KiB (r/w)net
I210118 05:52:16.874748 172 server/status/runtime.go:522 ⋮ [n1] runtime stats: 208 MiB RSS, 205 goroutines, 29 MiB/91 MiB/51 MiB GO alloc/idle/total, 31 MiB/64 MiB CGO alloc/total, 0.1 CGO/sec, 1.8/0.5 %(u/s)time, 0.0 %gc (0x), 12 KiB/2.0 KiB (r/w)net
I210118 05:52:26.875056 172 server/status/runtime.go:522 ⋮ [n1] runtime stats: 208 MiB RSS, 206 goroutines, 22 MiB/98 MiB/51 MiB GO alloc/idle/total, 31 MiB/64 MiB CGO alloc/total, 0.1 CGO/sec, 2.2/0.4 %(u/s)time, 0.0 %gc (1x), 6.4 KiB/4.7 KiB (r/w)net
I210118 05:52:36.872693 172 server/status/runtime.go:522 ⋮ [n1] runtime stats: 208 MiB RSS, 206 goroutines, 30 MiB/91 MiB/51 MiB GO alloc/idle/total, 31 MiB/64 MiB CGO alloc/total, 0.1 CGO/sec, 1.9/0.5 %(u/s)time, 0.0 %gc (0x), 22 KiB/10 KiB (r/w)net
I210118 05:52:46.865691 168 gossip/gossip.go:568 ⋮ [n1] gossip status (ok, 1 node‹›)
gossip client (0/3 cur/max conns)
gossip server (0/3 cur/max conns, infos 0/0 sent/received, bytes 0B/0B sent/received)
I210118 05:52:46.872923 172 server/status/runtime.go:522 ⋮ [n1] runtime stats: 208 MiB RSS, 206 goroutines, 20 MiB/99 MiB/50 MiB GO alloc/idle/total, 31 MiB/64 MiB CGO alloc/total, 0.1 CGO/sec, 2.4/0.6 %(u/s)time, 0.0 %gc (1x), 1.1 KiB/1.2 KiB (r/w)net
I210118 05:52:56.873115 172 server/status/runtime.go:522 ⋮ [n1] runtime stats: 209 MiB RSS, 205 goroutines, 30 MiB/91 MiB/50 MiB GO alloc/idle/total, 31 MiB/64 MiB CGO alloc/total, 0.1 CGO/sec, 2.1/0.4 %(u/s)time, 0.0 %gc (0x), 18 KiB/6.1 KiB (r/w)net
I210118 05:53:06.875697 172 server/status/runtime.go:522 ⋮ [n1] runtime stats: 209 MiB RSS, 207 goroutines, 22 MiB/97 MiB/50 MiB GO alloc/idle/total, 31 MiB/64 MiB CGO alloc/total, 0.1 CGO/sec, 1.3/0.3 %(u/s)time, 0.0 %gc (1x), 17 KiB/31 KiB (r/w)net
I210118 05:53:16.873679 172 server/status/runtime.go:522 ⋮ [n1] runtime stats: 210 MiB RSS, 207 goroutines, 30 MiB/90 MiB/50 MiB GO alloc/idle/total, 31 MiB/64 MiB CGO alloc/total, 0.1 CGO/sec, 2.5/0.5 %(u/s)time, 0.0 %gc (0x), 28 KiB/17 KiB (r/w)net
I210118 05:53:26.873832 172 server/status/runtime.go:522 ⋮ [n1] runtime stats: 210 MiB RSS, 208 goroutines, 22 MiB/97 MiB/51 MiB GO alloc/idle/total, 31 MiB/64 MiB CGO alloc/total, 0.1 CGO/sec, 1.8/0.1 %(u/s)time, 0.0 %gc (1x), 23 MiB/23 MiB (r/w)net
I210118 05:53:36.875986 172 server/status/runtime.go:522 ⋮ [n1] runtime stats: 210 MiB RSS, 208 goroutines, 29 MiB/92 MiB/51 MiB GO alloc/idle/total, 31 MiB/64 MiB CGO alloc/total, 0.1 CGO/sec, 1.7/0.8 %(u/s)time, 0.0 %gc (0x), 15 KiB/5.0 KiB (r/w)net
I210118 05:53:46.865779 168 gossip/gossip.go:568 ⋮ [n1] gossip status (ok, 1 node‹›)
gossip client (0/3 cur/max conns)
gossip server (0/3 cur/max conns, infos 0/0 sent/received, bytes 0B/0B sent/received)
I210118 05:53:46.876183 172 server/status/runtime.go:522 ⋮ [n1] runtime stats: 210 MiB RSS, 208 goroutines, 21 MiB/98 MiB/51 MiB GO alloc/idle/total, 31 MiB/64 MiB CGO alloc/total, 0.1 CGO/sec, 1.9/0.8 %(u/s)time, 0.0 %gc (1x), 68 KiB/65 KiB (r/w)net
I210118 05:53:56.875977 172 server/status/runtime.go:522 ⋮ [n1] runtime stats: 211 MiB RSS, 207 goroutines, 31 MiB/89 MiB/51 MiB GO alloc/idle/total, 31 MiB/64 MiB CGO alloc/total, 0.1 CGO/sec, 2.0/0.5 %(u/s)time, 0.0 %gc (0x), 50 KiB/61 KiB (r/w)net
I210118 05:54:06.874602 172 server/status/runtime.go:522 ⋮ [n1] runtime stats: 211 MiB RSS, 207 goroutines, 22 MiB/97 MiB/53 MiB GO alloc/idle/total, 31 MiB/64 MiB CGO alloc/total, 0.1 CGO/sec, 2.2/0.5 %(u/s)time, 0.0 %gc (1x), 49 KiB/50 KiB (r/w)net
I210118 05:54:16.876318 172 server/status/runtime.go:522 ⋮ [n1] runtime stats: 211 MiB RSS, 207 goroutines, 30 MiB/91 MiB/53 MiB GO alloc/idle/total, 31 MiB/64 MiB CGO alloc/total, 0.1 CGO/sec, 1.9/0.5 %(u/s)time, 0.0 %gc (0x), 98 KiB/93 KiB (r/w)net
I210118 05:54:26.875270 172 server/status/runtime.go:522 ⋮ [n1] runtime stats: 212 MiB RSS, 208 goroutines, 20 MiB/98 MiB/53 MiB GO alloc/idle/total, 31 MiB/64 MiB CGO alloc/total, 0.1 CGO/sec, 2.9/0.5 %(u/s)time, 0.0 %gc (1x), 2.0 KiB/1.9 KiB (r/w)net
I210118 05:54:36.874969 172 server/status/runtime.go:522 ⋮ [n1] runtime stats: 213 MiB RSS, 208 goroutines, 27 MiB/93 MiB/53 MiB GO alloc/idle/total, 31 MiB/64 MiB CGO alloc/total, 0.1 CGO/sec, 1.9/0.1 %(u/s)time, 0.0 %gc (0x), 17 KiB/5.3 KiB (r/w)net
I210118 05:54:46.865761 168 gossip/gossip.go:568 ⋮ [n1] gossip status (ok, 1 node‹›)
gossip client (0/3 cur/max conns)
gossip server (0/3 cur/max conns, infos 0/0 sent/received, bytes 0B/0B sent/received)
I210118 05:54:46.874939 172 server/status/runtime.go:522 ⋮ [n1] runtime stats: 213 MiB RSS, 208 goroutines, 20 MiB/98 MiB/51 MiB GO alloc/idle/total, 31 MiB/64 MiB CGO alloc/total, 0.1 CGO/sec, 2.5/0.5 %(u/s)time, 0.0 %gc (1x), 6.6 KiB/4.4 KiB (r/w)net
I210118 05:54:56.875442 172 server/status/runtime.go:522 ⋮ [n1] runtime stats: 214 MiB RSS, 207 goroutines, 30 MiB/91 MiB/51 MiB GO alloc/idle/total, 31 MiB/64 MiB CGO alloc/total, 0.1 CGO/sec, 1.8/0.8 %(u/s)time, 0.0 %gc (0x), 24 KiB/12 KiB (r/w)net
I210118 05:55:06.875311 172 server/status/runtime.go:522 ⋮ [n1] runtime stats: 214 MiB RSS, 207 goroutines, 22 MiB/96 MiB/51 MiB GO alloc/idle/total, 31 MiB/64 MiB CGO alloc/total, 0.1 CGO/sec, 1.7/0.5 %(u/s)time, 0.0 %gc (1x), 202 KiB/42 KiB (r/w)net
I210118 05:55:16.877022 172 server/status/runtime.go:522 ⋮ [n1] runtime stats: 214 MiB RSS, 207 goroutines, 29 MiB/91 MiB/51 MiB GO alloc/idle/total, 63 MiB/96 MiB CGO alloc/total, 0.2 CGO/sec, 1.2/0.4 %(u/s)time, 0.0 %gc (0x), 2.4 MiB/210 KiB (r/w)net
I210118 05:55:26.876084 172 server/status/runtime.go:522 ⋮ [n1] runtime stats: 214 MiB RSS, 208 goroutines, 20 MiB/98 MiB/51 MiB GO alloc/idle/total, 63 MiB/96 MiB CGO alloc/total, 0.1 CGO/sec, 2.1/0.4 %(u/s)time, 0.0 %gc (1x), 12 KiB/8.6 KiB (r/w)net
I210118 05:55:36.875769 172 server/status/runtime.go:522 ⋮ [n1] runtime stats: 214 MiB RSS, 208 goroutines, 28 MiB/93 MiB/51 MiB GO alloc/idle/total, 63 MiB/96 MiB CGO alloc/total, 0.1 CGO/sec, 0.8/0.1 %(u/s)time, 0.0 %gc (0x), 27 KiB/14 KiB (r/w)net
I210118 05:55:46.865743 168 gossip/gossip.go:568 ⋮ [n1] gossip status (ok, 1 node‹›)
gossip client (0/3 cur/max conns)
gossip server (0/3 cur/max conns, infos 0/0 sent/received, bytes 0B/0B sent/received)
I210118 05:55:46.878818 172 server/status/runtime.go:522 ⋮ [n1] runtime stats: 215 MiB RSS, 208 goroutines, 20 MiB/98 MiB/51 MiB GO alloc/idle/total, 63 MiB/96 MiB CGO alloc/total, 0.1 CGO/sec, 1.2/0.5 %(u/s)time, 0.0 %gc (1x), 49 KiB/47 KiB (r/w)net
I210118 05:55:56.877915 172 server/status/runtime.go:522 ⋮ [n1] runtime stats: 215 MiB RSS, 207 goroutines, 32 MiB/89 MiB/51 MiB GO alloc/idle/total, 63 MiB/96 MiB CGO alloc/total, 0.5 CGO/sec, 2.3/0.4 %(u/s)time, 0.0 %gc (0x), 23 MiB/23 MiB (r/w)net
I210118 05:56:06.871141 167 kv/kvserver/store.go:2638 ⋮ [n1,s1] sstables (read amplification = 1):
‹6 [ 27M 7 ]: 4M[6] 3M›
I210118 05:56:06.871279 167 kv/kvserver/store.go:2639 ⋮ [n1,s1] ‹›
‹__level_____count____size___score______in__ingest(sz_cnt)____move(sz_cnt)___write(sz_cnt)____read___r-amp___w-amp›
‹    WAL         3    16 M       -    16 M       -       -       -       -    16 M       -       -       -     1.0›
‹      0         0     0 B    0.00     0 B     0 B       0     0 B       0     0 B       0     0 B       0     0.0›
‹      1         0     0 B    0.00     0 B     0 B       0     0 B       0     0 B       0     0 B       0     0.0›
‹      2         0     0 B    0.00     0 B     0 B       0     0 B       0     0 B       0     0 B       0     0.0›
‹      3         0     0 B    0.00     0 B     0 B       0     0 B       0     0 B       0     0 B       0     0.0›
‹      4         0     0 B    0.00     0 B     0 B       0     0 B       0     0 B       0     0 B       0     0.0›
‹      5         0     0 B    0.00     0 B     0 B       0     0 B       0     0 B       0     0 B       0     0.0›
‹      6         7    27 M       -   223 K     0 B       0     0 B       0    27 M       7    27 M       1   123.1›
‹  total         7    27 M       -    16 M     0 B       0     0 B       0    42 M       7    27 M       1     2.7›
‹  flush         0›
‹compact         1     0 B          (size == estimated-debt)›
‹ memtbl         3    48 M›
‹zmemtbl         0     0 B›
‹   ztbl         0     0 B›
‹ bcache        30   909 K   79.8%  (score == hit-rate)›
‹ tcache         2   1.2 K   99.9%  (score == hit-rate)›
‹ titers         0›
‹ filter         -       -   80.7%  (score == utility)›
I210118 05:56:06.876577 172 server/status/runtime.go:522 ⋮ [n1] runtime stats: 215 MiB RSS, 207 goroutines, 27 MiB/92 MiB/52 MiB GO alloc/idle/total, 63 MiB/96 MiB CGO alloc/total, 0.1 CGO/sec, 2.3/0.6 %(u/s)time, 0.0 %gc (1x), 5.8 KiB/5.9 KiB (r/w)net
I210118 05:56:16.876858 172 server/status/runtime.go:522 ⋮ [n1] runtime stats: 215 MiB RSS, 207 goroutines, 35 MiB/86 MiB/52 MiB GO alloc/idle/total, 63 MiB/96 MiB CGO alloc/total, 0.1 CGO/sec, 1.4/0.6 %(u/s)time, 0.0 %gc (0x), 15 KiB/6.0 KiB (r/w)net
I210118 05:56:26.878421 172 server/status/runtime.go:522 ⋮ [n1] runtime stats: 216 MiB RSS, 208 goroutines, 28 MiB/92 MiB/53 MiB GO alloc/idle/total, 63 MiB/96 MiB CGO alloc/total, 0.1 CGO/sec, 2.3/0.6 %(u/s)time, 0.0 %gc (1x), 1.7 KiB/1.6 KiB (r/w)net
I210118 05:56:36.878583 172 server/status/runtime.go:522 ⋮ [n1] runtime stats: 216 MiB RSS, 208 goroutines, 36 MiB/85 MiB/53 MiB GO alloc/idle/total, 63 MiB/96 MiB CGO alloc/total, 0.1 CGO/sec, 1.5/0.6 %(u/s)time, 0.0 %gc (0x), 17 KiB/6.9 KiB (r/w)net
I210118 05:56:46.865578 168 gossip/gossip.go:568 ⋮ [n1] gossip status (ok, 1 node‹›)
gossip client (0/3 cur/max conns)
gossip server (0/3 cur/max conns, infos 0/0 sent/received, bytes 0B/0B sent/received)
I210118 05:56:46.879768 172 server/status/runtime.go:522 ⋮ [n1] runtime stats: 216 MiB RSS, 208 goroutines, 28 MiB/91 MiB/54 MiB GO alloc/idle/total, 63 MiB/96 MiB CGO alloc/total, 0.1 CGO/sec, 3.2/0.4 %(u/s)time, 0.0 %gc (1x), 4.8 KiB/7.5 KiB (r/w)net
I210118 05:56:56.879339 172 server/status/runtime.go:522 ⋮ [n1] runtime stats: 216 MiB RSS, 207 goroutines, 18 MiB/99 MiB/50 MiB GO alloc/idle/total, 63 MiB/96 MiB CGO alloc/total, 0.1 CGO/sec, 2.3/0.5 %(u/s)time, 0.0 %gc (1x), 236 KiB/58 KiB (r/w)net
I210118 05:57:06.877850 172 server/status/runtime.go:522 ⋮ [n1] runtime stats: 216 MiB RSS, 207 goroutines, 27 MiB/93 MiB/50 MiB GO alloc/idle/total, 63 MiB/96 MiB CGO alloc/total, 0.1 CGO/sec, 1.9/0.5 %(u/s)time, 0.0 %gc (0x), 3.5 MiB/162 KiB (r/w)net
I210118 05:57:16.880951 172 server/status/runtime.go:522 ⋮ [n1] runtime stats: 217 MiB RSS, 207 goroutines, 19 MiB/99 MiB/50 MiB GO alloc/idle/total, 63 MiB/96 MiB CGO alloc/total, 0.1 CGO/sec, 2.7/0.6 %(u/s)time, 0.0 %gc (1x), 23 KiB/15 KiB (r/w)net
I210118 05:57:26.880343 172 server/status/runtime.go:522 ⋮ [n1] runtime stats: 217 MiB RSS, 208 goroutines, 28 MiB/93 MiB/50 MiB GO alloc/idle/total, 63 MiB/96 MiB CGO alloc/total, 0.1 CGO/sec, 1.8/0.8 %(u/s)time, 0.0 %gc (0x), 14 KiB/13 KiB (r/w)net
I210118 05:57:36.878794 172 server/status/runtime.go:522 ⋮ [n1] runtime stats: 217 MiB RSS, 208 goroutines, 19 MiB/99 MiB/50 MiB GO alloc/idle/total, 63 MiB/96 MiB CGO alloc/total, 0.1 CGO/sec, 2.5/0.6 %(u/s)time, 0.0 %gc (1x), 26 KiB/15 KiB (r/w)net
I210118 05:57:46.865636 168 gossip/gossip.go:568 ⋮ [n1] gossip status (ok, 1 node‹›)
gossip client (0/3 cur/max conns)
gossip server (0/3 cur/max conns, infos 0/0 sent/received, bytes 0B/0B sent/received)
I210118 05:57:46.879050 172 server/status/runtime.go:522 ⋮ [n1] runtime stats: 218 MiB RSS, 208 goroutines, 27 MiB/94 MiB/50 MiB GO alloc/idle/total, 63 MiB/96 MiB CGO alloc/total, 0.1 CGO/sec, 1.5/0.8 %(u/s)time, 0.0 %gc (0x), 12 KiB/10 KiB (r/w)net
I210118 05:57:56.880766 172 server/status/runtime.go:522 ⋮ [n1] runtime stats: 218 MiB RSS, 207 goroutines, 23 MiB/97 MiB/50 MiB GO alloc/idle/total, 63 MiB/96 MiB CGO alloc/total, 0.1 CGO/sec, 2.2/0.9 %(u/s)time, 0.0 %gc (1x), 26 KiB/12 KiB (r/w)net
I210118 05:58:06.880972 172 server/status/runtime.go:522 ⋮ [n1] runtime stats: 218 MiB RSS, 207 goroutines, 31 MiB/90 MiB/50 MiB GO alloc/idle/total, 63 MiB/96 MiB CGO alloc/total, 0.1 CGO/sec, 1.6/0.7 %(u/s)time, 0.0 %gc (0x), 17 KiB/14 KiB (r/w)net
I210118 05:58:16.879851 172 server/status/runtime.go:522 ⋮ [n1] runtime stats: 218 MiB RSS, 207 goroutines, 22 MiB/97 MiB/51 MiB GO alloc/idle/total, 63 MiB/96 MiB CGO alloc/total, 0.1 CGO/sec, 1.9/0.8 %(u/s)time, 0.0 %gc (1x), 30 KiB/19 KiB (r/w)net
I210118 05:58:26.880880 172 server/status/runtime.go:522 ⋮ [n1] runtime stats: 219 MiB RSS, 208 goroutines, 30 MiB/90 MiB/51 MiB GO alloc/idle/total, 63 MiB/96 MiB CGO alloc/total, 0.1 CGO/sec, 2.1/0.6 %(u/s)time, 0.0 %gc (0x), 9.8 KiB/9.9 KiB (r/w)net
I210118 05:58:36.881591 172 server/status/runtime.go:522 ⋮ [n1] runtime stats: 219 MiB RSS, 208 goroutines, 22 MiB/97 MiB/51 MiB GO alloc/idle/total, 63 MiB/96 MiB CGO alloc/total, 0.1 CGO/sec, 2.1/0.8 %(u/s)time, 0.0 %gc (1x), 24 KiB/14 KiB (r/w)net
I210118 05:58:46.865582 168 gossip/gossip.go:568 ⋮ [n1] gossip status (ok, 1 node‹›)
gossip client (0/3 cur/max conns)
gossip server (0/3 cur/max conns, infos 0/0 sent/received, bytes 0B/0B sent/received)
I210118 05:58:46.880819 172 server/status/runtime.go:522 ⋮ [n1] runtime stats: 220 MiB RSS, 208 goroutines, 30 MiB/91 MiB/51 MiB GO alloc/idle/total, 63 MiB/96 MiB CGO alloc/total, 0.1 CGO/sec, 1.8/0.4 %(u/s)time, 0.0 %gc (0x), 8.7 KiB/9.3 KiB (r/w)net
I210118 05:58:56.883160 172 server/status/runtime.go:522 ⋮ [n1] runtime stats: 220 MiB RSS, 207 goroutines, 22 MiB/97 MiB/51 MiB GO alloc/idle/total, 63 MiB/96 MiB CGO alloc/total, 0.1 CGO/sec, 2.7/0.7 %(u/s)time, 0.0 %gc (1x), 28 KiB/17 KiB (r/w)net
I210118 05:59:06.882493 172 server/status/runtime.go:522 ⋮ [n1] runtime stats: 220 MiB RSS, 207 goroutines, 30 MiB/91 MiB/51 MiB GO alloc/idle/total, 63 MiB/96 MiB CGO alloc/total, 0.1 CGO/sec, 1.5/0.5 %(u/s)time, 0.0 %gc (0x), 94 KiB/93 KiB (r/w)net
I210118 05:59:16.880847 172 server/status/runtime.go:522 ⋮ [n1] runtime stats: 221 MiB RSS, 207 goroutines, 21 MiB/97 MiB/51 MiB GO alloc/idle/total, 63 MiB/96 MiB CGO alloc/total, 0.1 CGO/sec, 2.3/0.3 %(u/s)time, 0.0 %gc (1x), 24 KiB/16 KiB (r/w)net
I210118 05:59:26.882746 172 server/status/runtime.go:522 ⋮ [n1] runtime stats: 221 MiB RSS, 208 goroutines, 29 MiB/91 MiB/51 MiB GO alloc/idle/total, 63 MiB/96 MiB CGO alloc/total, 0.1 CGO/sec, 1.9/0.5 %(u/s)time, 0.0 %gc (0x), 7.8 KiB/9.6 KiB (r/w)net
I210118 05:59:36.883069 172 server/status/runtime.go:522 ⋮ [n1] runtime stats: 221 MiB RSS, 208 goroutines, 20 MiB/98 MiB/51 MiB GO alloc/idle/total, 63 MiB/96 MiB CGO alloc/total, 0.1 CGO/sec, 1.8/0.8 %(u/s)time, 0.0 %gc (1x), 24 KiB/13 KiB (r/w)net
I210118 05:59:46.865720 168 gossip/gossip.go:568 ⋮ [n1] gossip status (ok, 1 node‹›)
gossip client (0/3 cur/max conns)
gossip server (0/3 cur/max conns, infos 0/0 sent/received, bytes 0B/0B sent/received)
I210118 05:59:46.883362 172 server/status/runtime.go:522 ⋮ [n1] runtime stats: 221 MiB RSS, 208 goroutines, 28 MiB/92 MiB/51 MiB GO alloc/idle/total, 63 MiB/96 MiB CGO alloc/total, 0.1 CGO/sec, 1.5/0.8 %(u/s)time, 0.0 %gc (0x), 6.1 KiB/6.0 KiB (r/w)net
I210118 05:59:56.883803 172 server/status/runtime.go:522 ⋮ [n1] runtime stats: 221 MiB RSS, 207 goroutines, 22 MiB/97 MiB/51 MiB GO alloc/idle/total, 63 MiB/96 MiB CGO alloc/total, 0.1 CGO/sec, 2.5/0.6 %(u/s)time, 0.0 %gc (1x), 16 KiB/6.5 KiB (r/w)net
I210118 06:00:06.884105 172 server/status/runtime.go:522 ⋮ [n1] runtime stats: 222 MiB RSS, 207 goroutines, 30 MiB/91 MiB/51 MiB GO alloc/idle/total, 63 MiB/96 MiB CGO alloc/total, 0.1 CGO/sec, 1.9/0.6 %(u/s)time, 0.0 %gc (0x), 7.1 KiB/7.0 KiB (r/w)net
I210118 06:00:16.884532 172 server/status/runtime.go:522 ⋮ [n1] runtime stats: 222 MiB RSS, 207 goroutines, 22 MiB/97 MiB/51 MiB GO alloc/idle/total, 63 MiB/96 MiB CGO alloc/total, 0.1 CGO/sec, 1.9/0.7 %(u/s)time, 0.0 %gc (1x), 23 KiB/11 KiB (r/w)net
I210118 06:00:26.884740 172 server/status/runtime.go:522 ⋮ [n1] runtime stats: 222 MiB RSS, 208 goroutines, 29 MiB/91 MiB/51 MiB GO alloc/idle/total, 63 MiB/96 MiB CGO alloc/total, 0.1 CGO/sec, 2.1/0.4 %(u/s)time, 0.0 %gc (0x), 17 KiB/14 KiB (r/w)net
I210118 06:00:36.885072 172 server/status/runtime.go:522 ⋮ [n1] runtime stats: 222 MiB RSS, 208 goroutines, 20 MiB/98 MiB/51 MiB GO alloc/idle/total, 63 MiB/96 MiB CGO alloc/total, 0.1 CGO/sec, 2.9/0.5 %(u/s)time, 0.0 %gc (1x), 17 KiB/9.0 KiB (r/w)net
I210118 06:00:46.865735 168 gossip/gossip.go:568 ⋮ [n1] gossip status (ok, 1 node‹›)
gossip client (0/3 cur/max conns)
gossip server (0/3 cur/max conns, infos 0/0 sent/received, bytes 0B/0B sent/received)
I210118 06:00:46.883751 172 server/status/runtime.go:522 ⋮ [n1] runtime stats: 223 MiB RSS, 208 goroutines, 28 MiB/92 MiB/51 MiB GO alloc/idle/total, 63 MiB/96 MiB CGO alloc/total, 0.1 CGO/sec, 2.4/0.6 %(u/s)time, 0.0 %gc (0x), 17 KiB/13 KiB (r/w)net
I210118 06:00:56.885339 172 server/status/runtime.go:522 ⋮ [n1] runtime stats: 223 MiB RSS, 207 goroutines, 22 MiB/97 MiB/51 MiB GO alloc/idle/total, 63 MiB/96 MiB CGO alloc/total, 0.1 CGO/sec, 2.5/0.5 %(u/s)time, 0.0 %gc (1x), 38 KiB/27 KiB (r/w)net
I210118 06:01:06.884274 172 server/status/runtime.go:522 ⋮ [n1] runtime stats: 223 MiB RSS, 207 goroutines, 30 MiB/91 MiB/51 MiB GO alloc/idle/total, 63 MiB/96 MiB CGO alloc/total, 0.1 CGO/sec, 1.7/0.6 %(u/s)time, 0.0 %gc (0x), 14 KiB/12 KiB (r/w)net
I210118 06:01:16.886444 172 server/status/runtime.go:522 ⋮ [n1] runtime stats: 224 MiB RSS, 207 goroutines, 22 MiB/96 MiB/51 MiB GO alloc/idle/total, 63 MiB/96 MiB CGO alloc/total, 0.1 CGO/sec, 2.0/0.5 %(u/s)time, 0.0 %gc (1x), 15 KiB/5.1 KiB (r/w)net
I210118 06:01:26.885001 172 server/status/runtime.go:522 ⋮ [n1] runtime stats: 224 MiB RSS, 208 goroutines, 30 MiB/90 MiB/51 MiB GO alloc/idle/total, 63 MiB/96 MiB CGO alloc/total, 0.1 CGO/sec, 2.2/0.6 %(u/s)time, 0.0 %gc (0x), 17 KiB/14 KiB (r/w)net
I210118 06:01:36.886865 172 server/status/runtime.go:522 ⋮ [n1] runtime stats: 225 MiB RSS, 208 goroutines, 22 MiB/96 MiB/52 MiB GO alloc/idle/total, 63 MiB/96 MiB CGO alloc/total, 0.1 CGO/sec, 2.0/0.7 %(u/s)time, 0.0 %gc (1x), 24 KiB/18 KiB (r/w)net
I210118 06:01:46.865624 168 gossip/gossip.go:568 ⋮ [n1] gossip status (ok, 1 node‹›)
gossip client (0/3 cur/max conns)
gossip server (0/3 cur/max conns, infos 0/0 sent/received, bytes 0B/0B sent/received)
I210118 06:01:46.887435 172 server/status/runtime.go:522 ⋮ [n1] runtime stats: 225 MiB RSS, 208 goroutines, 30 MiB/90 MiB/52 MiB GO alloc/idle/total, 63 MiB/96 MiB CGO alloc/total, 0.1 CGO/sec, 2.1/0.3 %(u/s)time, 0.0 %gc (0x), 6.8 KiB/7.9 KiB (r/w)net
I210118 06:01:56.887665 172 server/status/runtime.go:522 ⋮ [n1] runtime stats: 225 MiB RSS, 207 goroutines, 22 MiB/98 MiB/52 MiB GO alloc/idle/total, 63 MiB/96 MiB CGO alloc/total, 0.1 CGO/sec, 3.1/0.7 %(u/s)time, 0.0 %gc (1x), 25 KiB/18 KiB (r/w)net
I210118 06:02:06.888011 172 server/status/runtime.go:522 ⋮ [n1] runtime stats: 225 MiB RSS, 207 goroutines, 29 MiB/92 MiB/52 MiB GO alloc/idle/total, 63 MiB/96 MiB CGO alloc/total, 0.1 CGO/sec, 1.5/0.9 %(u/s)time, 0.0 %gc (0x), 16 KiB/19 KiB (r/w)net
I210118 06:02:16.886398 172 server/status/runtime.go:522 ⋮ [n1] runtime stats: 226 MiB RSS, 207 goroutines, 22 MiB/97 MiB/52 MiB GO alloc/idle/total, 63 MiB/96 MiB CGO alloc/total, 0.1 CGO/sec, 1.7/0.6 %(u/s)time, 0.0 %gc (1x), 58 KiB/56 KiB (r/w)net
I210118 06:02:26.886580 172 server/status/runtime.go:522 ⋮ [n1] runtime stats: 226 MiB RSS, 208 goroutines, 30 MiB/91 MiB/52 MiB GO alloc/idle/total, 63 MiB/96 MiB CGO alloc/total, 0.1 CGO/sec, 2.0/0.4 %(u/s)time, 0.0 %gc (0x), 17 KiB/15 KiB (r/w)net
I210118 06:02:36.889334 172 server/status/runtime.go:522 ⋮ [n1] runtime stats: 226 MiB RSS, 208 goroutines, 19 MiB/99 MiB/50 MiB GO alloc/idle/total, 63 MiB/96 MiB CGO alloc/total, 0.1 CGO/sec, 2.6/0.3 %(u/s)time, 0.0 %gc (1x), 17 KiB/12 KiB (r/w)net
I210118 06:02:46.865676 168 gossip/gossip.go:568 ⋮ [n1] gossip status (ok, 1 node‹›)
gossip client (0/3 cur/max conns)
gossip server (0/3 cur/max conns, infos 0/0 sent/received, bytes 0B/0B sent/received)
I210118 06:02:46.891106 172 server/status/runtime.go:522 ⋮ [n1] runtime stats: 226 MiB RSS, 208 goroutines, 28 MiB/92 MiB/50 MiB GO alloc/idle/total, 63 MiB/96 MiB CGO alloc/total, 0.1 CGO/sec, 1.9/0.7 %(u/s)time, 0.0 %gc (0x), 271 KiB/62 KiB (r/w)net
I210118 06:02:56.887493 172 server/status/runtime.go:522 ⋮ [n1] runtime stats: 226 MiB RSS, 207 goroutines, 23 MiB/97 MiB/50 MiB GO alloc/idle/total, 63 MiB/96 MiB CGO alloc/total, 0.1 CGO/sec, 2.6/0.5 %(u/s)time, 0.0 %gc (1x), 19 KiB/10 KiB (r/w)net
I210118 06:03:06.888473 172 server/status/runtime.go:522 ⋮ [n1] runtime stats: 227 MiB RSS, 207 goroutines, 30 MiB/91 MiB/50 MiB GO alloc/idle/total, 63 MiB/96 MiB CGO alloc/total, 0.1 CGO/sec, 2.2/0.3 %(u/s)time, 0.0 %gc (0x), 17 KiB/14 KiB (r/w)net
I210118 06:03:16.887764 172 server/status/runtime.go:522 ⋮ [n1] runtime stats: 227 MiB RSS, 207 goroutines, 22 MiB/97 MiB/51 MiB GO alloc/idle/total, 63 MiB/96 MiB CGO alloc/total, 0.1 CGO/sec, 2.2/0.7 %(u/s)time, 0.0 %gc (1x), 21 KiB/9.3 KiB (r/w)net
I210118 06:03:26.887905 172 server/status/runtime.go:522 ⋮ [n1] runtime stats: 228 MiB RSS, 208 goroutines, 30 MiB/90 MiB/51 MiB GO alloc/idle/total, 63 MiB/96 MiB CGO alloc/total, 0.1 CGO/sec, 2.0/0.5 %(u/s)time, 0.0 %gc (0x), 6.0 KiB/5.7 KiB (r/w)net
I210118 06:03:36.889916 172 server/status/runtime.go:522 ⋮ [n1] runtime stats: 228 MiB RSS, 208 goroutines, 21 MiB/97 MiB/51 MiB GO alloc/idle/total, 63 MiB/96 MiB CGO alloc/total, 0.1 CGO/sec, 1.7/0.5 %(u/s)time, 0.0 %gc (1x), 30 KiB/16 KiB (r/w)net
I210118 06:03:46.865545 168 gossip/gossip.go:568 ⋮ [n1] gossip status (ok, 1 node‹›)
gossip client (0/3 cur/max conns)
gossip server (0/3 cur/max conns, infos 0/0 sent/received, bytes 0B/0B sent/received)
I210118 06:03:46.888239 172 server/status/runtime.go:522 ⋮ [n1] runtime stats: 228 MiB RSS, 208 goroutines, 29 MiB/92 MiB/51 MiB GO alloc/idle/total, 63 MiB/96 MiB CGO alloc/total, 0.1 CGO/sec, 2.2/0.5 %(u/s)time, 0.0 %gc (0x), 6.4 KiB/6.3 KiB (r/w)net
I210118 06:03:56.890268 172 server/status/runtime.go:522 ⋮ [n1] runtime stats: 229 MiB RSS, 207 goroutines, 22 MiB/97 MiB/51 MiB GO alloc/idle/total, 63 MiB/96 MiB CGO alloc/total, 0.1 CGO/sec, 3.1/0.4 %(u/s)time, 0.0 %gc (1x), 24 KiB/13 KiB (r/w)net
I210118 06:04:06.888920 172 server/status/runtime.go:522 ⋮ [n1] runtime stats: 229 MiB RSS, 207 goroutines, 30 MiB/91 MiB/51 MiB GO alloc/idle/total, 63 MiB/96 MiB CGO alloc/total, 0.1 CGO/sec, 2.1/0.5 %(u/s)time, 0.0 %gc (0x), 12 KiB/9.7 KiB (r/w)net
I210118 06:04:16.889331 172 server/status/runtime.go:522 ⋮ [n1] runtime stats: 229 MiB RSS, 207 goroutines, 22 MiB/97 MiB/51 MiB GO alloc/idle/total, 63 MiB/96 MiB CGO alloc/total, 0.1 CGO/sec, 2.0/0.5 %(u/s)time, 0.0 %gc (1x), 23 KiB/12 KiB (r/w)net
I210118 06:04:26.891170 172 server/status/runtime.go:522 ⋮ [n1] runtime stats: 230 MiB RSS, 208 goroutines, 30 MiB/90 MiB/51 MiB GO alloc/idle/total, 63 MiB/96 MiB CGO alloc/total, 0.1 CGO/sec, 1.8/0.6 %(u/s)time, 0.0 %gc (0x), 19 KiB/18 KiB (r/w)net
I210118 06:04:36.891652 172 server/status/runtime.go:522 ⋮ [n1] runtime stats: 230 MiB RSS, 208 goroutines, 21 MiB/98 MiB/51 MiB GO alloc/idle/total, 63 MiB/96 MiB CGO alloc/total, 0.1 CGO/sec, 3.2/0.5 %(u/s)time, 0.0 %gc (1x), 17 KiB/5.8 KiB (r/w)net
I210118 06:04:46.865973 168 gossip/gossip.go:568 ⋮ [n1] gossip status (ok, 1 node‹›)
gossip client (0/3 cur/max conns)
gossip server (0/3 cur/max conns, infos 0/0 sent/received, bytes 0B/0B sent/received)
I210118 06:04:46.891854 172 server/status/runtime.go:522 ⋮ [n1] runtime stats: 230 MiB RSS, 208 goroutines, 28 MiB/92 MiB/51 MiB GO alloc/idle/total, 63 MiB/96 MiB CGO alloc/total, 0.1 CGO/sec, 2.1/0.7 %(u/s)time, 0.0 %gc (0x), 14 KiB/17 KiB (r/w)net
I210118 06:04:56.892856 172 server/status/runtime.go:522 ⋮ [n1] runtime stats: 230 MiB RSS, 207 goroutines, 23 MiB/96 MiB/51 MiB GO alloc/idle/total, 63 MiB/96 MiB CGO alloc/total, 0.1 CGO/sec, 2.8/0.4 %(u/s)time, 0.0 %gc (1x), 100 KiB/35 KiB (r/w)net
I210118 06:05:06.892199 172 server/status/runtime.go:522 ⋮ [n1] runtime stats: 230 MiB RSS, 207 goroutines, 31 MiB/90 MiB/51 MiB GO alloc/idle/total, 63 MiB/96 MiB CGO alloc/total, 0.1 CGO/sec, 1.8/0.9 %(u/s)time, 0.0 %gc (0x), 893 KiB/116 KiB (r/w)net
I210118 06:05:16.891315 172 server/status/runtime.go:522 ⋮ [n1] runtime stats: 230 MiB RSS, 207 goroutines, 22 MiB/96 MiB/52 MiB GO alloc/idle/total, 63 MiB/96 MiB CGO alloc/total, 0.1 CGO/sec, 1.8/0.7 %(u/s)time, 0.0 %gc (1x), 8.8 MiB/526 KiB (r/w)net
I210118 06:05:26.890949 172 server/status/runtime.go:522 ⋮ [n1] runtime stats: 231 MiB RSS, 208 goroutines, 30 MiB/90 MiB/52 MiB GO alloc/idle/total, 63 MiB/96 MiB CGO alloc/total, 0.1 CGO/sec, 1.9/0.4 %(u/s)time, 0.0 %gc (0x), 782 KiB/138 KiB (r/w)net
I210118 06:05:36.892926 172 server/status/runtime.go:522 ⋮ [n1] runtime stats: 232 MiB RSS, 208 goroutines, 20 MiB/98 MiB/52 MiB GO alloc/idle/total, 63 MiB/96 MiB CGO alloc/total, 0.1 CGO/sec, 2.3/0.2 %(u/s)time, 0.0 %gc (1x), 677 KiB/200 KiB (r/w)net
I210118 06:05:46.865698 168 gossip/gossip.go:568 ⋮ [n1] gossip status (ok, 1 node‹›)
gossip client (0/3 cur/max conns)
gossip server (0/3 cur/max conns, infos 0/0 sent/received, bytes 0B/0B sent/received)
I210118 06:05:46.892792 172 server/status/runtime.go:522 ⋮ [n1] runtime stats: 232 MiB RSS, 208 goroutines, 28 MiB/92 MiB/52 MiB GO alloc/idle/total, 63 MiB/96 MiB CGO alloc/total, 0.1 CGO/sec, 1.3/0.4 %(u/s)time, 0.0 %gc (0x), 7.5 KiB/8.4 KiB (r/w)net
I210118 06:05:56.893289 172 server/status/runtime.go:522 ⋮ [n1] runtime stats: 232 MiB RSS, 207 goroutines, 24 MiB/96 MiB/53 MiB GO alloc/idle/total, 63 MiB/96 MiB CGO alloc/total, 0.1 CGO/sec, 1.8/0.4 %(u/s)time, 0.0 %gc (1x), 15 KiB/7.0 KiB (r/w)net
I210118 06:06:06.867398 167 kv/kvserver/store.go:2638 ⋮ [n1,s1] sstables (read amplification = 1):
‹6 [ 27M 7 ]: 4M[6] 3M›
I210118 06:06:06.867509 167 kv/kvserver/store.go:2639 ⋮ [n1,s1] ‹›
‹__level_____count____size___score______in__ingest(sz_cnt)____move(sz_cnt)___write(sz_cnt)____read___r-amp___w-amp›
‹    WAL         3    31 M       -    30 M       -       -       -       -    31 M       -       -       -     1.0›
‹      0         0     0 B    0.00     0 B     0 B       0     0 B       0     0 B       0     0 B       0     0.0›
‹      1         0     0 B    0.00     0 B     0 B       0     0 B       0     0 B       0     0 B       0     0.0›
‹      2         0     0 B    0.00     0 B     0 B       0     0 B       0     0 B       0     0 B       0     0.0›
‹      3         0     0 B    0.00     0 B     0 B       0     0 B       0     0 B       0     0 B       0     0.0›
‹      4         0     0 B    0.00     0 B     0 B       0     0 B       0     0 B       0     0 B       0     0.0›
‹      5         0     0 B    0.00     0 B     0 B       0     0 B       0     0 B       0     0 B       0     0.0›
‹      6         7    27 M       -   223 K     0 B       0     0 B       0    27 M       7    27 M       1   123.1›
‹  total         7    27 M       -    31 M     0 B       0     0 B       0    57 M       7    27 M       1     1.9›
‹  flush         0›
‹compact         1     0 B          (size == estimated-debt)›
‹ memtbl         3    48 M›
‹zmemtbl         0     0 B›
‹   ztbl         0     0 B›
‹ bcache        30   909 K   87.6%  (score == hit-rate)›
‹ tcache         2   1.2 K   99.9%  (score == hit-rate)›
‹ titers         0›
‹ filter         -       -   80.7%  (score == utility)›
I210118 06:06:06.892962 172 server/status/runtime.go:522 ⋮ [n1] runtime stats: 233 MiB RSS, 207 goroutines, 31 MiB/90 MiB/53 MiB GO alloc/idle/total, 63 MiB/96 MiB CGO alloc/total, 0.1 CGO/sec, 1.9/0.4 %(u/s)time, 0.0 %gc (0x), 30 KiB/24 KiB (r/w)net
I210118 06:06:16.891578 172 server/status/runtime.go:522 ⋮ [n1] runtime stats: 233 MiB RSS, 207 goroutines, 23 MiB/96 MiB/53 MiB GO alloc/idle/total, 63 MiB/96 MiB CGO alloc/total, 0.1 CGO/sec, 1.8/0.2 %(u/s)time, 0.0 %gc (1x), 28 KiB/18 KiB (r/w)net
I210118 06:06:26.891704 172 server/status/runtime.go:522 ⋮ [n1] runtime stats: 234 MiB RSS, 208 goroutines, 31 MiB/90 MiB/53 MiB GO alloc/idle/total, 63 MiB/96 MiB CGO alloc/total, 0.1 CGO/sec, 1.4/0.5 %(u/s)time, 0.0 %gc (0x), 32 KiB/45 KiB (r/w)net
I210118 06:06:36.892422 172 server/status/runtime.go:522 ⋮ [n1] runtime stats: 234 MiB RSS, 208 goroutines, 20 MiB/98 MiB/53 MiB GO alloc/idle/total, 63 MiB/96 MiB CGO alloc/total, 0.1 CGO/sec, 2.3/0.4 %(u/s)time, 0.0 %gc (1x), 46 KiB/52 KiB (r/w)net
I210118 06:06:46.865596 168 gossip/gossip.go:568 ⋮ [n1] gossip status (ok, 1 node‹›)
gossip client (0/3 cur/max conns)
gossip server (0/3 cur/max conns, infos 0/0 sent/received, bytes 0B/0B sent/received)
I210118 06:06:46.891889 172 server/status/runtime.go:522 ⋮ [n1] runtime stats: 234 MiB RSS, 208 goroutines, 28 MiB/92 MiB/53 MiB GO alloc/idle/total, 63 MiB/96 MiB CGO alloc/total, 0.1 CGO/sec, 1.5/0.4 %(u/s)time, 0.0 %gc (0x), 74 KiB/74 KiB (r/w)net
I210118 06:06:56.894740 172 server/status/runtime.go:522 ⋮ [n1] runtime stats: 234 MiB RSS, 207 goroutines, 23 MiB/96 MiB/53 MiB GO alloc/idle/total, 63 MiB/96 MiB CGO alloc/total, 0.1 CGO/sec, 2.5/0.7 %(u/s)time, 0.0 %gc (1x), 45 KiB/54 KiB (r/w)net
I210118 06:07:06.892392 172 server/status/runtime.go:522 ⋮ [n1] runtime stats: 234 MiB RSS, 207 goroutines, 31 MiB/90 MiB/53 MiB GO alloc/idle/total, 63 MiB/96 MiB CGO alloc/total, 0.1 CGO/sec, 2.0/0.3 %(u/s)time, 0.0 %gc (0x), 2.8 MiB/330 KiB (r/w)net
I210118 06:07:16.895410 172 server/status/runtime.go:522 ⋮ [n1] runtime stats: 235 MiB RSS, 207 goroutines, 22 MiB/97 MiB/53 MiB GO alloc/idle/total, 63 MiB/96 MiB CGO alloc/total, 0.1 CGO/sec, 1.8/0.5 %(u/s)time, 0.0 %gc (1x), 552 KiB/108 KiB (r/w)net
I210118 06:07:26.892705 172 server/status/runtime.go:522 ⋮ [n1] runtime stats: 235 MiB RSS, 208 goroutines, 30 MiB/90 MiB/53 MiB GO alloc/idle/total, 63 MiB/96 MiB CGO alloc/total, 0.1 CGO/sec, 2.1/0.4 %(u/s)time, 0.0 %gc (0x), 545 KiB/146 KiB (r/w)net
I210118 06:07:36.894404 172 server/status/runtime.go:522 ⋮ [n1] runtime stats: 235 MiB RSS, 208 goroutines, 20 MiB/98 MiB/53 MiB GO alloc/idle/total, 63 MiB/96 MiB CGO alloc/total, 0.1 CGO/sec, 2.0/0.5 %(u/s)time, 0.0 %gc (1x), 58 KiB/82 KiB (r/w)net
I210118 06:07:46.865865 168 gossip/gossip.go:568 ⋮ [n1] gossip status (ok, 1 node‹›)
gossip client (0/3 cur/max conns)
gossip server (0/3 cur/max conns, infos 0/0 sent/received, bytes 0B/0B sent/received)
I210118 06:07:46.893088 172 server/status/runtime.go:522 ⋮ [n1] runtime stats: 235 MiB RSS, 208 goroutines, 28 MiB/92 MiB/53 MiB GO alloc/idle/total, 63 MiB/96 MiB CGO alloc/total, 0.1 CGO/sec, 2.1/0.6 %(u/s)time, 0.0 %gc (0x), 60 KiB/58 KiB (r/w)net
I210118 06:07:56.893347 172 server/status/runtime.go:522 ⋮ [n1] runtime stats: 235 MiB RSS, 207 goroutines, 22 MiB/97 MiB/53 MiB GO alloc/idle/total, 63 MiB/96 MiB CGO alloc/total, 0.1 CGO/sec, 2.6/0.4 %(u/s)time, 0.0 %gc (1x), 53 KiB/61 KiB (r/w)net
I210118 06:08:06.893661 172 server/status/runtime.go:522 ⋮ [n1] runtime stats: 236 MiB RSS, 207 goroutines, 30 MiB/91 MiB/53 MiB GO alloc/idle/total, 63 MiB/96 MiB CGO alloc/total, 0.1 CGO/sec, 2.1/0.5 %(u/s)time, 0.0 %gc (0x), 42 KiB/62 KiB (r/w)net
I210118 06:08:16.895014 172 server/status/runtime.go:522 ⋮ [n1] runtime stats: 236 MiB RSS, 207 goroutines, 22 MiB/96 MiB/53 MiB GO alloc/idle/total, 63 MiB/96 MiB CGO alloc/total, 0.1 CGO/sec, 2.0/0.5 %(u/s)time, 0.0 %gc (1x), 699 KiB/89 KiB (r/w)net
I210118 06:08:26.895443 172 server/status/runtime.go:522 ⋮ [n1] runtime stats: 236 MiB RSS, 208 goroutines, 30 MiB/90 MiB/53 MiB GO alloc/idle/total, 63 MiB/96 MiB CGO alloc/total, 0.1 CGO/sec, 2.3/0.5 %(u/s)time, 0.0 %gc (0x), 5.4 MiB/245 KiB (r/w)net
I210118 06:08:36.895619 172 server/status/runtime.go:522 ⋮ [n1] runtime stats: 237 MiB RSS, 208 goroutines, 20 MiB/98 MiB/53 MiB GO alloc/idle/total, 63 MiB/96 MiB CGO alloc/total, 0.1 CGO/sec, 2.5/0.5 %(u/s)time, 0.0 %gc (1x), 47 KiB/58 KiB (r/w)net
I210118 06:08:46.865621 168 gossip/gossip.go:568 ⋮ [n1] gossip status (ok, 1 node‹›)
gossip client (0/3 cur/max conns)
gossip server (0/3 cur/max conns, infos 0/0 sent/received, bytes 0B/0B sent/received)
I210118 06:08:46.894355 172 server/status/runtime.go:522 ⋮ [n1] runtime stats: 237 MiB RSS, 208 goroutines, 28 MiB/92 MiB/53 MiB GO alloc/idle/total, 63 MiB/96 MiB CGO alloc/total, 0.1 CGO/sec, 2.0/0.6 %(u/s)time, 0.0 %gc (0x), 48 KiB/79 KiB (r/w)net
I210118 06:08:56.893972 172 server/status/runtime.go:522 ⋮ [n1] runtime stats: 237 MiB RSS, 207 goroutines, 22 MiB/97 MiB/53 MiB GO alloc/idle/total, 63 MiB/96 MiB CGO alloc/total, 0.1 CGO/sec, 2.6/0.4 %(u/s)time, 0.0 %gc (1x), 78 KiB/115 KiB (r/w)net
I210118 06:09:06.896791 172 server/status/runtime.go:522 ⋮ [n1] runtime stats: 237 MiB RSS, 207 goroutines, 30 MiB/91 MiB/53 MiB GO alloc/idle/total, 63 MiB/96 MiB CGO alloc/total, 0.1 CGO/sec, 1.8/0.6 %(u/s)time, 0.0 %gc (0x), 43 KiB/73 KiB (r/w)net
I210118 06:09:16.896961 172 server/status/runtime.go:522 ⋮ [n1] runtime stats: 238 MiB RSS, 207 goroutines, 22 MiB/97 MiB/53 MiB GO alloc/idle/total, 63 MiB/96 MiB CGO alloc/total, 0.1 CGO/sec, 2.2/0.7 %(u/s)time, 0.0 %gc (1x), 59 KiB/85 KiB (r/w)net
I210118 06:09:26.894784 172 server/status/runtime.go:522 ⋮ [n1] runtime stats: 238 MiB RSS, 208 goroutines, 31 MiB/90 MiB/53 MiB GO alloc/idle/total, 63 MiB/96 MiB CGO alloc/total, 0.1 CGO/sec, 2.7/0.2 %(u/s)time, 0.0 %gc (0x), 42 KiB/57 KiB (r/w)net
I210118 06:09:36.896719 172 server/status/runtime.go:522 ⋮ [n1] runtime stats: 238 MiB RSS, 208 goroutines, 20 MiB/98 MiB/53 MiB GO alloc/idle/total, 63 MiB/96 MiB CGO alloc/total, 0.1 CGO/sec, 2.7/0.4 %(u/s)time, 0.0 %gc (1x), 23 KiB/22 KiB (r/w)net
I210118 06:09:46.865854 168 gossip/gossip.go:568 ⋮ [n1] gossip status (ok, 1 node‹›)
gossip client (0/3 cur/max conns)
gossip server (0/3 cur/max conns, infos 0/0 sent/received, bytes 0B/0B sent/received)
I210118 06:09:46.896676 172 server/status/runtime.go:522 ⋮ [n1] runtime stats: 238 MiB RSS, 208 goroutines, 28 MiB/92 MiB/53 MiB GO alloc/idle/total, 63 MiB/96 MiB CGO alloc/total, 0.1 CGO/sec, 2.3/0.6 %(u/s)time, 0.0 %gc (0x), 14 KiB/18 KiB (r/w)net
I210118 06:09:56.895164 172 server/status/runtime.go:522 ⋮ [n1] runtime stats: 239 MiB RSS, 207 goroutines, 23 MiB/96 MiB/53 MiB GO alloc/idle/total, 63 MiB/96 MiB CGO alloc/total, 0.1 CGO/sec, 3.1/0.6 %(u/s)time, 0.0 %gc (1x), 44 KiB/58 KiB (r/w)net
I210118 06:10:06.896982 172 server/status/runtime.go:522 ⋮ [n1] runtime stats: 239 MiB RSS, 207 goroutines, 30 MiB/90 MiB/53 MiB GO alloc/idle/total, 63 MiB/96 MiB CGO alloc/total, 0.1 CGO/sec, 1.8/0.6 %(u/s)time, 0.0 %gc (0x), 59 KiB/81 KiB (r/w)net
I210118 06:10:16.895601 172 server/status/runtime.go:522 ⋮ [n1] runtime stats: 240 MiB RSS, 207 goroutines, 23 MiB/96 MiB/53 MiB GO alloc/idle/total, 63 MiB/96 MiB CGO alloc/total, 0.1 CGO/sec, 2.6/0.7 %(u/s)time, 0.0 %gc (1x), 72 KiB/98 KiB (r/w)net
I210118 06:10:26.897340 172 server/status/runtime.go:522 ⋮ [n1] runtime stats: 240 MiB RSS, 208 goroutines, 30 MiB/90 MiB/53 MiB GO alloc/idle/total, 63 MiB/96 MiB CGO alloc/total, 0.1 CGO/sec, 2.0/0.3 %(u/s)time, 0.0 %gc (0x), 33 KiB/61 KiB (r/w)net
I210118 06:10:36.897517 172 server/status/runtime.go:522 ⋮ [n1] runtime stats: 240 MiB RSS, 208 goroutines, 20 MiB/98 MiB/53 MiB GO alloc/idle/total, 63 MiB/96 MiB CGO alloc/total, 0.1 CGO/sec, 2.8/0.4 %(u/s)time, 0.0 %gc (1x), 70 KiB/94 KiB (r/w)net
I210118 06:10:46.865785 168 gossip/gossip.go:568 ⋮ [n1] gossip status (ok, 1 node‹›)
gossip client (0/3 cur/max conns)
gossip server (0/3 cur/max conns, infos 0/0 sent/received, bytes 0B/0B sent/received)
I210118 06:10:46.898039 172 server/status/runtime.go:522 ⋮ [n1] runtime stats: 241 MiB RSS, 208 goroutines, 29 MiB/91 MiB/53 MiB GO alloc/idle/total, 63 MiB/96 MiB CGO alloc/total, 0.1 CGO/sec, 2.5/0.6 %(u/s)time, 0.0 %gc (0x), 31 KiB/26 KiB (r/w)net
I210118 06:10:56.898114 172 server/status/runtime.go:522 ⋮ [n1] runtime stats: 241 MiB RSS, 207 goroutines, 23 MiB/96 MiB/53 MiB GO alloc/idle/total, 63 MiB/96 MiB CGO alloc/total, 0.1 CGO/sec, 3.9/0.2 %(u/s)time, 0.0 %gc (1x), 50 KiB/62 KiB (r/w)net
I210118 06:11:06.896552 172 server/status/runtime.go:522 ⋮ [n1] runtime stats: 241 MiB RSS, 207 goroutines, 31 MiB/90 MiB/53 MiB GO alloc/idle/total, 63 MiB/96 MiB CGO alloc/total, 0.1 CGO/sec, 2.2/0.6 %(u/s)time, 0.0 %gc (0x), 3.5 MiB/165 KiB (r/w)net
I210118 06:11:16.896450 172 server/status/runtime.go:522 ⋮ [n1] runtime stats: 241 MiB RSS, 207 goroutines, 22 MiB/96 MiB/53 MiB GO alloc/idle/total, 63 MiB/96 MiB CGO alloc/total, 0.1 CGO/sec, 1.8/0.6 %(u/s)time, 0.0 %gc (1x), 936 KiB/78 KiB (r/w)net
I210118 06:11:26.896882 172 server/status/runtime.go:522 ⋮ [n1] runtime stats: 241 MiB RSS, 208 goroutines, 30 MiB/90 MiB/53 MiB GO alloc/idle/total, 63 MiB/96 MiB CGO alloc/total, 0.1 CGO/sec, 1.7/0.6 %(u/s)time, 0.0 %gc (0x), 47 KiB/70 KiB (r/w)net
I210118 06:11:36.898475 172 server/status/runtime.go:522 ⋮ [n1] runtime stats: 241 MiB RSS, 208 goroutines, 20 MiB/97 MiB/53 MiB GO alloc/idle/total, 63 MiB/96 MiB CGO alloc/total, 0.1 CGO/sec, 2.6/0.5 %(u/s)time, 0.0 %gc (1x), 41 KiB/46 KiB (r/w)net
I210118 06:11:46.866044 168 gossip/gossip.go:568 ⋮ [n1] gossip status (ok, 1 node‹›)
gossip client (0/3 cur/max conns)
gossip server (0/3 cur/max conns, infos 0/0 sent/received, bytes 0B/0B sent/received)
I210118 06:11:46.899823 172 server/status/runtime.go:522 ⋮ [n1] runtime stats: 242 MiB RSS, 208 goroutines, 29 MiB/91 MiB/53 MiB GO alloc/idle/total, 63 MiB/96 MiB CGO alloc/total, 0.1 CGO/sec, 2.4/0.6 %(u/s)time, 0.0 %gc (0x), 23 KiB/38 KiB (r/w)net
I210118 06:11:56.897327 172 server/status/runtime.go:522 ⋮ [n1] runtime stats: 242 MiB RSS, 207 goroutines, 24 MiB/95 MiB/53 MiB GO alloc/idle/total, 63 MiB/96 MiB CGO alloc/total, 0.1 CGO/sec, 2.7/0.4 %(u/s)time, 0.0 %gc (1x), 37 KiB/46 KiB (r/w)net
I210118 06:12:06.897174 172 server/status/runtime.go:522 ⋮ [n1] runtime stats: 243 MiB RSS, 207 goroutines, 31 MiB/89 MiB/53 MiB GO alloc/idle/total, 63 MiB/96 MiB CGO alloc/total, 0.1 CGO/sec, 1.9/0.6 %(u/s)time, 0.0 %gc (0x), 28 KiB/43 KiB (r/w)net
I210118 06:12:16.899626 172 server/status/runtime.go:522 ⋮ [n1] runtime stats: 243 MiB RSS, 207 goroutines, 21 MiB/97 MiB/53 MiB GO alloc/idle/total, 63 MiB/96 MiB CGO alloc/total, 0.1 CGO/sec, 2.5/0.6 %(u/s)time, 0.0 %gc (1x), 18 KiB/8.8 KiB (r/w)net
I210118 06:12:26.900349 172 server/status/runtime.go:522 ⋮ [n1] runtime stats: 243 MiB RSS, 208 goroutines, 29 MiB/91 MiB/53 MiB GO alloc/idle/total, 63 MiB/96 MiB CGO alloc/total, 0.1 CGO/sec, 1.9/0.6 %(u/s)time, 0.0 %gc (0x), 34 KiB/51 KiB (r/w)net
I210118 06:12:36.899908 172 server/status/runtime.go:522 ⋮ [n1] runtime stats: 244 MiB RSS, 208 goroutines, 21 MiB/97 MiB/53 MiB GO alloc/idle/total, 63 MiB/96 MiB CGO alloc/total, 0.1 CGO/sec, 2.5/0.6 %(u/s)time, 0.0 %gc (1x), 31 KiB/30 KiB (r/w)net
I210118 06:12:46.865660 168 gossip/gossip.go:568 ⋮ [n1] gossip status (ok, 1 node‹›)
gossip client (0/3 cur/max conns)
gossip server (0/3 cur/max conns, infos 0/0 sent/received, bytes 0B/0B sent/received)
I210118 06:12:46.897799 172 server/status/runtime.go:522 ⋮ [n1] runtime stats: 244 MiB RSS, 208 goroutines, 29 MiB/90 MiB/53 MiB GO alloc/idle/total, 63 MiB/96 MiB CGO alloc/total, 0.1 CGO/sec, 2.0/0.4 %(u/s)time, 0.0 %gc (0x), 53 KiB/78 KiB (r/w)net
I210118 06:12:56.897926 172 server/status/runtime.go:522 ⋮ [n1] runtime stats: 244 MiB RSS, 207 goroutines, 23 MiB/96 MiB/53 MiB GO alloc/idle/total, 63 MiB/96 MiB CGO alloc/total, 0.1 CGO/sec, 1.8/0.6 %(u/s)time, 0.0 %gc (1x), 76 KiB/64 KiB (r/w)net
I210118 06:13:06.898055 172 server/status/runtime.go:522 ⋮ [n1] runtime stats: 244 MiB RSS, 207 goroutines, 31 MiB/90 MiB/53 MiB GO alloc/idle/total, 63 MiB/96 MiB CGO alloc/total, 0.1 CGO/sec, 1.9/0.3 %(u/s)time, 0.0 %gc (0x), 10 KiB/18 KiB (r/w)net
I210118 06:13:16.898168 172 server/status/runtime.go:522 ⋮ [n1] runtime stats: 244 MiB RSS, 207 goroutines, 21 MiB/96 MiB/53 MiB GO alloc/idle/total, 63 MiB/96 MiB CGO alloc/total, 0.1 CGO/sec, 3.1/0.4 %(u/s)time, 0.0 %gc (1x), 44 KiB/14 KiB (r/w)net
I210118 06:13:26.898302 172 server/status/runtime.go:522 ⋮ [n1] runtime stats: 245 MiB RSS, 208 goroutines, 30 MiB/90 MiB/53 MiB GO alloc/idle/total, 63 MiB/96 MiB CGO alloc/total, 0.1 CGO/sec, 2.2/0.6 %(u/s)time, 0.0 %gc (0x), 11 KiB/9.3 KiB (r/w)net
I210118 06:13:36.898425 172 server/status/runtime.go:522 ⋮ [n1] runtime stats: 245 MiB RSS, 208 goroutines, 22 MiB/96 MiB/53 MiB GO alloc/idle/total, 63 MiB/96 MiB CGO alloc/total, 0.1 CGO/sec, 2.1/0.5 %(u/s)time, 0.0 %gc (1x), 28 KiB/6.3 KiB (r/w)net
I210118 06:13:46.865691 168 gossip/gossip.go:568 ⋮ [n1] gossip status (ok, 1 node‹›)
gossip client (0/3 cur/max conns)
gossip server (0/3 cur/max conns, infos 0/0 sent/received, bytes 0B/0B sent/received)
I210118 06:13:46.898748 172 server/status/runtime.go:522 ⋮ [n1] runtime stats: 246 MiB RSS, 208 goroutines, 30 MiB/90 MiB/53 MiB GO alloc/idle/total, 63 MiB/96 MiB CGO alloc/total, 0.1 CGO/sec, 1.7/1.0 %(u/s)time, 0.0 %gc (0x), 17 KiB/16 KiB (r/w)net
I210118 06:13:56.900414 172 server/status/runtime.go:522 ⋮ [n1] runtime stats: 246 MiB RSS, 207 goroutines, 22 MiB/96 MiB/53 MiB GO alloc/idle/total, 63 MiB/96 MiB CGO alloc/total, 0.1 CGO/sec, 3.5/0.4 %(u/s)time, 0.0 %gc (1x), 48 KiB/6.6 KiB (r/w)net
I210118 06:14:06.900736 172 server/status/runtime.go:522 ⋮ [n1] runtime stats: 246 MiB RSS, 207 goroutines, 30 MiB/90 MiB/53 MiB GO alloc/idle/total, 63 MiB/96 MiB CGO alloc/total, 0.1 CGO/sec, 2.5/0.4 %(u/s)time, 0.0 %gc (0x), 148 KiB/43 KiB (r/w)net
I210118 06:14:16.899521 172 server/status/runtime.go:522 ⋮ [n1] runtime stats: 216 MiB RSS, 207 goroutines, 21 MiB/98 MiB/51 MiB GO alloc/idle/total, 81 MiB/128 MiB CGO alloc/total, 3564.8 CGO/sec, 41.7/0.0 %(u/s)time, 0.0 %gc (125x), 1.4 MiB/73 KiB (r/w)net
I210118 06:14:26.900998 172 server/status/runtime.go:522 ⋮ [n1] runtime stats: 216 MiB RSS, 208 goroutines, 28 MiB/92 MiB/51 MiB GO alloc/idle/total, 82 MiB/128 MiB CGO alloc/total, 2.5 CGO/sec, 2.5/0.0 %(u/s)time, 0.0 %gc (0x), 1.6 MiB/69 KiB (r/w)net
I210118 06:14:36.901386 172 server/status/runtime.go:522 ⋮ [n1] runtime stats: 216 MiB RSS, 208 goroutines, 22 MiB/96 MiB/51 MiB GO alloc/idle/total, 82 MiB/128 MiB CGO alloc/total, 0.1 CGO/sec, 2.9/0.5 %(u/s)time, 0.0 %gc (1x), 1.6 MiB/85 KiB (r/w)net
I210118 06:14:46.865775 168 gossip/gossip.go:568 ⋮ [n1] gossip status (ok, 1 node‹›)
gossip client (0/3 cur/max conns)
gossip server (0/3 cur/max conns, infos 0/0 sent/received, bytes 0B/0B sent/received)
I210118 06:14:46.901486 172 server/status/runtime.go:522 ⋮ [n1] runtime stats: 217 MiB RSS, 208 goroutines, 30 MiB/91 MiB/51 MiB GO alloc/idle/total, 82 MiB/128 MiB CGO alloc/total, 0.1 CGO/sec, 2.4/0.5 %(u/s)time, 0.0 %gc (0x), 9.4 KiB/11 KiB (r/w)net
I210118 06:14:56.901644 172 server/status/runtime.go:522 ⋮ [n1] runtime stats: 217 MiB RSS, 207 goroutines, 24 MiB/95 MiB/51 MiB GO alloc/idle/total, 82 MiB/128 MiB CGO alloc/total, 14.4 CGO/sec, 3.2/0.6 %(u/s)time, 0.0 %gc (1x), 25 KiB/15 KiB (r/w)net
I210118 06:15:06.901911 172 server/status/runtime.go:522 ⋮ [n1] runtime stats: 217 MiB RSS, 207 goroutines, 32 MiB/89 MiB/51 MiB GO alloc/idle/total, 82 MiB/128 MiB CGO alloc/total, 0.1 CGO/sec, 2.5/0.4 %(u/s)time, 0.0 %gc (0x), 9.3 KiB/10 KiB (r/w)net
I210118 06:15:16.900210 172 server/status/runtime.go:522 ⋮ [n1] runtime stats: 218 MiB RSS, 207 goroutines, 24 MiB/95 MiB/52 MiB GO alloc/idle/total, 82 MiB/128 MiB CGO alloc/total, 0.1 CGO/sec, 2.4/0.6 %(u/s)time, 0.0 %gc (1x), 15 KiB/6.1 KiB (r/w)net
I210118 06:15:26.902091 172 server/status/runtime.go:522 ⋮ [n1] runtime stats: 218 MiB RSS, 208 goroutines, 30 MiB/90 MiB/52 MiB GO alloc/idle/total, 82 MiB/128 MiB CGO alloc/total, 0.1 CGO/sec, 2.0/0.6 %(u/s)time, 0.0 %gc (0x), 5.9 KiB/5.8 KiB (r/w)net
I210118 06:15:36.902503 172 server/status/runtime.go:522 ⋮ [n1] runtime stats: 218 MiB RSS, 208 goroutines, 21 MiB/97 MiB/52 MiB GO alloc/idle/total, 82 MiB/128 MiB CGO alloc/total, 0.5 CGO/sec, 3.6/0.3 %(u/s)time, 0.0 %gc (1x), 22 KiB/11 KiB (r/w)net
I210118 06:15:46.865818 168 gossip/gossip.go:568 ⋮ [n1] gossip status (ok, 1 node‹›)
gossip client (0/3 cur/max conns)
gossip server (0/3 cur/max conns, infos 0/0 sent/received, bytes 0B/0B sent/received)
I210118 06:15:46.890253 324 sql/temporary_schema.go:497 ⋮ [n1] running temporary object cleanup background job
I210118 06:15:46.890926 324 sql/temporary_schema.go:532 ⋮ [n1] found 0 temporary schemas
I210118 06:15:46.890950 324 sql/temporary_schema.go:535 ⋮ [n1] early exiting temporary schema cleaner as no temporary schemas were found
I210118 06:15:46.890961 324 sql/temporary_schema.go:536 ⋮ [n1] completed temporary object cleanup job
I210118 06:15:46.890971 324 sql/temporary_schema.go:614 ⋮ [n1] temporary object cleaner next scheduled to run at 2021-01-18 06:45:46.890133304 +0000 UTC
I210118 06:15:46.900769 172 server/status/runtime.go:522 ⋮ [n1] runtime stats: 219 MiB RSS, 208 goroutines, 30 MiB/90 MiB/52 MiB GO alloc/idle/total, 82 MiB/128 MiB CGO alloc/total, 0.5 CGO/sec, 2.1/1.0 %(u/s)time, 0.0 %gc (0x), 10 KiB/13 KiB (r/w)net
I210118 06:15:56.902594 172 server/status/runtime.go:522 ⋮ [n1] runtime stats: 219 MiB RSS, 207 goroutines, 23 MiB/96 MiB/52 MiB GO alloc/idle/total, 82 MiB/128 MiB CGO alloc/total, 0.1 CGO/sec, 3.3/0.4 %(u/s)time, 0.0 %gc (1x), 16 KiB/6.0 KiB (r/w)net
I210118 06:16:06.872352 167 kv/kvserver/store.go:2638 ⋮ [n1,s1] sstables (read amplification = 1):
‹6 [ 27M 8 ]: 4M[6] 3M 141K›
I210118 06:16:06.872720 167 kv/kvserver/store.go:2639 ⋮ [n1,s1] ‹›
‹__level_____count____size___score______in__ingest(sz_cnt)____move(sz_cnt)___write(sz_cnt)____read___r-amp___w-amp›
‹    WAL         1   2.9 M       -    46 M       -       -       -       -    46 M       -       -       -     1.0›
‹      0         0     0 B    0.00    43 M     0 B       0     0 B       0   316 K       2     0 B       0     0.0›
‹      1         0     0 B    0.00     0 B     0 B       0     0 B       0     0 B       0     0 B       0     0.0›
‹      2         0     0 B    0.00     0 B     0 B       0     0 B       0     0 B       0     0 B       0     0.0›
‹      3         0     0 B    0.00     0 B     0 B       0     0 B       0     0 B       0     0 B       0     0.0›
‹      4         0     0 B    0.00     0 B     0 B       0     0 B       0     0 B       0     0 B       0     0.0›
‹      5         0     0 B    0.00     0 B     0 B       0     0 B       0     0 B       0     0 B       0     0.0›
‹      6         8    27 M       -   539 K     0 B       0     0 B       0    54 M      15    54 M       1   102.4›
‹  total         8    27 M       -    46 M     0 B       0     0 B       0   100 M      17    54 M       1     2.2›
‹  flush         1›
‹compact         3     0 B          (size == estimated-debt)›
‹ memtbl         1    64 M›
‹zmemtbl         0     0 B›
‹   ztbl         0     0 B›
‹ bcache        30   974 K   83.6%  (score == hit-rate)›
‹ tcache         2   1.2 K   99.9%  (score == hit-rate)›
‹ titers         0›
‹ filter         -       -   80.6%  (score == utility)›
I210118 06:16:06.901071 172 server/status/runtime.go:522 ⋮ [n1] runtime stats: 220 MiB RSS, 207 goroutines, 31 MiB/90 MiB/52 MiB GO alloc/idle/total, 82 MiB/128 MiB CGO alloc/total, 0.1 CGO/sec, 2.2/0.6 %(u/s)time, 0.0 %gc (0x), 11 KiB/8.6 KiB (r/w)net
I210118 06:16:16.903082 172 server/status/runtime.go:522 ⋮ [n1] runtime stats: 220 MiB RSS, 207 goroutines, 21 MiB/97 MiB/52 MiB GO alloc/idle/total, 82 MiB/128 MiB CGO alloc/total, 0.1 CGO/sec, 2.7/0.5 %(u/s)time, 0.0 %gc (1x), 25 KiB/15 KiB (r/w)net
I210118 06:16:26.902046 172 server/status/runtime.go:522 ⋮ [n1] runtime stats: 220 MiB RSS, 209 goroutines, 30 MiB/90 MiB/52 MiB GO alloc/idle/total, 82 MiB/128 MiB CGO alloc/total, 0.1 CGO/sec, 2.5/0.5 %(u/s)time, 0.0 %gc (0x), 9.7 KiB/12 KiB (r/w)net
I210118 06:16:36.903378 172 server/status/runtime.go:522 ⋮ [n1] runtime stats: 220 MiB RSS, 208 goroutines, 20 MiB/98 MiB/52 MiB GO alloc/idle/total, 82 MiB/128 MiB CGO alloc/total, 0.1 CGO/sec, 2.7/0.5 %(u/s)time, 0.0 %gc (1x), 21 KiB/12 KiB (r/w)net
I210118 06:16:46.865743 168 gossip/gossip.go:568 ⋮ [n1] gossip status (ok, 1 node‹›)
gossip client (0/3 cur/max conns)
gossip server (0/3 cur/max conns, infos 0/0 sent/received, bytes 0B/0B sent/received)
I210118 06:16:46.903789 172 server/status/runtime.go:522 ⋮ [n1] runtime stats: 220 MiB RSS, 208 goroutines, 28 MiB/92 MiB/52 MiB GO alloc/idle/total, 82 MiB/128 MiB CGO alloc/total, 0.1 CGO/sec, 2.6/0.4 %(u/s)time, 0.0 %gc (0x), 10 KiB/10 KiB (r/w)net
I210118 06:16:56.901905 172 server/status/runtime.go:522 ⋮ [n1] runtime stats: 220 MiB RSS, 208 goroutines, 23 MiB/95 MiB/52 MiB GO alloc/idle/total, 82 MiB/128 MiB CGO alloc/total, 0.1 CGO/sec, 3.8/0.4 %(u/s)time, 0.0 %gc (1x), 25 KiB/18 KiB (r/w)net
I210118 06:17:06.901993 172 server/status/runtime.go:522 ⋮ [n1] runtime stats: 221 MiB RSS, 207 goroutines, 30 MiB/90 MiB/52 MiB GO alloc/idle/total, 82 MiB/128 MiB CGO alloc/total, 0.1 CGO/sec, 2.0/0.5 %(u/s)time, 0.0 %gc (0x), 7.9 KiB/9.7 KiB (r/w)net
I210118 06:17:16.904783 172 server/status/runtime.go:522 ⋮ [n1] runtime stats: 221 MiB RSS, 207 goroutines, 20 MiB/97 MiB/52 MiB GO alloc/idle/total, 82 MiB/128 MiB CGO alloc/total, 0.1 CGO/sec, 2.6/0.5 %(u/s)time, 0.0 %gc (1x), 22 KiB/9.8 KiB (r/w)net
I210118 06:17:26.904231 172 server/status/runtime.go:522 ⋮ [n1] runtime stats: 222 MiB RSS, 208 goroutines, 28 MiB/92 MiB/52 MiB GO alloc/idle/total, 82 MiB/128 MiB CGO alloc/total, 0.1 CGO/sec, 2.2/0.8 %(u/s)time, 0.0 %gc (0x), 21 KiB/23 KiB (r/w)net
I210118 06:17:36.904370 172 server/status/runtime.go:522 ⋮ [n1] runtime stats: 223 MiB RSS, 208 goroutines, 35 MiB/86 MiB/52 MiB GO alloc/idle/total, 82 MiB/128 MiB CGO alloc/total, 0.1 CGO/sec, 2.4/0.4 %(u/s)time, 0.0 %gc (0x), 18 KiB/9.7 KiB (r/w)net
I210118 06:17:46.865736 168 gossip/gossip.go:568 ⋮ [n1] gossip status (ok, 1 node‹›)
gossip client (0/3 cur/max conns)
gossip server (0/3 cur/max conns, infos 0/0 sent/received, bytes 0B/0B sent/received)
I210118 06:17:46.905179 172 server/status/runtime.go:522 ⋮ [n1] runtime stats: 223 MiB RSS, 208 goroutines, 26 MiB/93 MiB/53 MiB GO alloc/idle/total, 82 MiB/128 MiB CGO alloc/total, 0.1 CGO/sec, 3.0/0.7 %(u/s)time, 0.0 %gc (1x), 9.9 KiB/10 KiB (r/w)net
I210118 06:17:56.905757 172 server/status/runtime.go:522 ⋮ [n1] runtime stats: 223 MiB RSS, 207 goroutines, 35 MiB/85 MiB/53 MiB GO alloc/idle/total, 82 MiB/128 MiB CGO alloc/total, 0.1 CGO/sec, 2.7/0.6 %(u/s)time, 0.0 %gc (0x), 25 KiB/12 KiB (r/w)net
I210118 06:18:06.903174 172 server/status/runtime.go:522 ⋮ [n1] runtime stats: 223 MiB RSS, 208 goroutines, 26 MiB/93 MiB/55 MiB GO alloc/idle/total, 82 MiB/128 MiB CGO alloc/total, 0.1 CGO/sec, 2.9/0.6 %(u/s)time, 0.0 %gc (1x), 5.2 KiB/5.0 KiB (r/w)net
I210118 06:18:16.906097 172 server/status/runtime.go:522 ⋮ [n1] runtime stats: 224 MiB RSS, 207 goroutines, 32 MiB/89 MiB/55 MiB GO alloc/idle/total, 82 MiB/128 MiB CGO alloc/total, 0.1 CGO/sec, 1.9/0.6 %(u/s)time, 0.0 %gc (0x), 30 KiB/16 KiB (r/w)net
I210118 06:18:26.903384 172 server/status/runtime.go:522 ⋮ [n1] runtime stats: 224 MiB RSS, 208 goroutines, 23 MiB/95 MiB/53 MiB GO alloc/idle/total, 82 MiB/128 MiB CGO alloc/total, 0.1 CGO/sec, 3.0/0.5 %(u/s)time, 0.0 %gc (1x), 62 KiB/92 KiB (r/w)net
I210118 06:18:36.903778 172 server/status/runtime.go:522 ⋮ [n1] runtime stats: 224 MiB RSS, 209 goroutines, 30 MiB/90 MiB/53 MiB GO alloc/idle/total, 82 MiB/128 MiB CGO alloc/total, 0.1 CGO/sec, 1.8/0.4 %(u/s)time, 0.0 %gc (0x), 312 B/0 B (r/w)net
I210118 06:18:38.398954 1 cli/start.go:733 ⋮ received signal 'terminated'
I210118 06:18:38.400420 1 cli/start.go:817 ⋮ initiating graceful shutdown of server
I210118 06:18:38.409154 24217 server/drain.go:175 ⋮ [server drain process] drain remaining: 3
I210118 06:18:38.409740 24217 server/drain.go:177 ⋮ [server drain process] drain details: descriptor leases: 2, liveness record: 1
I210118 06:18:38.613190 24217 server/drain.go:175 ⋮ [server drain process] drain remaining: 0
I210118 06:18:38.613813 24217 util/stop/stopper.go:563 ⋮ [server drain process] quiescing
W210118 06:18:38.614425 322 sql/sqlliveness/slinstance/slinstance.go:182 ⋮ [n1] exiting heartbeat loop
W210118 06:18:38.614469 333 jobs/registry.go:672 ⋮ canceling all adopted jobs due to stopper quiescing
I210118 06:18:38.618941 1 cli/start.go:869 ⋮ server drained and shutdown completed
