I210127 01:24:19.702649 1 util/log/sync_buffer.go:195 ⋮ [config] file created at: 2021/01/27 01:24:19
I210127 01:24:19.702655 1 util/log/sync_buffer.go:195 ⋮ [config] running on machine: ‹TK-Pad›
I210127 01:24:19.702660 1 util/log/sync_buffer.go:195 ⋮ [config] binary: CockroachDB CCL v20.2.3 (x86_64-unknown-linux-gnu, built 2020/12/14 18:33:39, go1.13.14)
I210127 01:24:19.702663 1 util/log/sync_buffer.go:195 ⋮ [config] arguments: ‹[cockroach start-single-node --insecure --listen-addr=localhost:26257 --http-addr=localhost:8080]›
I210127 01:24:19.702670 1 util/log/sync_buffer.go:195 ⋮ [config] line format: [IWEF]yymmdd hh:mm:ss.uuuuuu goid file:line msg utf8=✓
W210127 01:24:19.702558 1 cli/start.go:1139 ⋮ ALL SECURITY CONTROLS HAVE BEEN DISABLED!

This mode is intended for non-production testing only.

In this mode:
- Your cluster is open to any client that can access ‹localhost›.
- Intruders with access to your machine or network can observe client-server traffic.
- Intruders can log in without password and read or write any data in the cluster.
- Intruders can consume all your server's resources and cause unavailability.
I210127 01:24:19.702727 1 cli/start.go:1149 ⋮ To start a secure server without mandating TLS for clients,
consider --accept-sql-without-tls instead. For other options, see:

- ‹https://go.crdb.dev/issue-v/53404/v20.2›
- https://www.cockroachlabs.com/docs/v20.2/secure-a-cluster.html
I210127 01:24:19.702991 1 server/status/recorder.go:605 ⋮ ‹available memory from cgroups is unsupported, using system memory 15 GiB instead: can't read available memory from cgroup v2 at /sys/fs/cgroup/unified/user.slice/user-1000.slice/user@1000.service/memory.max: open /sys/fs/cgroup/unified/user.slice/user-1000.slice/user@1000.service/memory.max: no such file or directory›
W210127 01:24:19.703006 1 cli/start.go:983 ⋮ ‹Using the default setting for --cache (128 MiB).›
‹  A significantly larger value is usually needed for good performance.›
‹  If you have a dedicated server a reasonable setting is --cache=.25 (3.8 GiB).›
I210127 01:24:19.703170 1 server/status/recorder.go:605 ⋮ ‹available memory from cgroups is unsupported, using system memory 15 GiB instead: can't read available memory from cgroup v2 at /sys/fs/cgroup/unified/user.slice/user-1000.slice/user@1000.service/memory.max: open /sys/fs/cgroup/unified/user.slice/user-1000.slice/user@1000.service/memory.max: no such file or directory›
I210127 01:24:19.703182 1 cli/start.go:1164 ⋮ ‹CockroachDB CCL v20.2.3 (x86_64-unknown-linux-gnu, built 2020/12/14 18:33:39, go1.13.14)›
I210127 01:24:19.703783 1 server/status/recorder.go:605 ⋮ ‹available memory from cgroups is unsupported, using system memory 15 GiB instead: can't read available memory from cgroup v2 at /sys/fs/cgroup/unified/user.slice/user-1000.slice/user@1000.service/memory.max: open /sys/fs/cgroup/unified/user.slice/user-1000.slice/user@1000.service/memory.max: no such file or directory›
I210127 01:24:19.703794 1 server/config.go:434 ⋮ system total memory: ‹15 GiB›
I210127 01:24:19.703951 1 server/config.go:436 ⋮ server configuration:
‹max offset             500000000›
‹cache size             128 MiB›
‹SQL memory pool size   3.8 GiB›
‹scan interval          10m0s›
‹scan min idle time     10ms›
‹scan max idle time     1s›
‹event log enabled      true›
I210127 01:24:19.703985 1 cli/start.go:961 ⋮ using local environment variables: ‹COCKROACH_BACKGROUND_RESTART=1›
I210127 01:24:19.703995 1 cli/start.go:968 ⋮ process identity: ‹uid 1000 euid 1000 gid 1000 egid 1000›
I210127 01:24:19.711459 1 cli/start.go:504 ⋮ GEOS loaded from directory ‹/usr/local/lib/cockroach›
I210127 01:24:19.711505 1 cli/start.go:509 ⋮ starting cockroach node
I210127 01:24:19.732030 24 server/server.go:782 ⋮ [n?] monitoring forward clock jumps based on server.clock.forward_jump_check_enabled
I210127 01:24:19.736554 24 server/config.go:625 ⋮ [n?] 1 storage engine‹› initialized
I210127 01:24:19.736604 24 server/config.go:628 ⋮ [n?] ‹Pebble cache size: 128 MiB›
I210127 01:24:19.736613 24 server/config.go:628 ⋮ [n?] ‹store 0: RocksDB, max size 0 B, max open file limit 10000›
I210127 01:24:19.763823 24 server/init.go:208 ⋮ [n?] no stores bootstrapped
I210127 01:24:19.764005 24 server/init.go:209 ⋮ [n?] awaiting `cockroach init` or join with an already initialized node
I210127 01:24:19.764038 24 server/init.go:266 ⋮ [n?] cluster ‹11f4a54f-4d52-4031-8361-7e9820a5e54e› has been created
I210127 01:24:19.764061 24 server/init.go:267 ⋮ [n?] allocated node ID: n1 (for self)
I210127 01:24:19.764181 162 server/server.go:1416 ⋮ [n?] connecting to gossip network to verify cluster ID ‹"11f4a54f-4d52-4031-8361-7e9820a5e54e"›
I210127 01:24:19.765564 24 gossip/gossip.go:403 ⋮ [n1] NodeDescriptor set to ‹node_id:1 address:<network_field:"tcp" address_field:"localhost:26257" > attrs:<> locality:<> ServerVersion:<major_val:20 minor_val:2 patch:0 unstable:0 > build_tag:"v20.2.3" started_at:1611710659765548278 cluster_name:"" sql_address:<network_field:"tcp" address_field:"localhost:26257" >›
I210127 01:24:19.770525 162 server/server.go:1419 ⋮ [n1] node connected via gossip
I210127 01:24:19.770769 24 server/node.go:430 ⋮ [n1] initialized store [n1,s1]: disk (capacity=329 GiB, available=273 GiB, used=42 KiB, logicalBytes=19 KiB), ranges=35, leases=0, queries=0.00, writes=0.00, bytesPerReplica={p10=0.00 p25=0.00 p50=0.00 p75=0.00 p90=166.00 pMax=16616.00}, writesPerReplica={p10=0.00 p25=0.00 p50=0.00 p75=0.00 p90=0.00 pMax=0.00}
I210127 01:24:19.770908 24 kv/kvserver/stores.go:236 ⋮ [n1] read 0 node addresses from persistent storage
W210127 01:24:19.770884 239 kv/kvserver/store.go:1704 ⋮ [n1,s1,r6/1:‹/Table/{SystemCon…-11}›] could not gossip system config: ‹[NotLeaseHolderError] r6: replica (n1,s1):1 not lease holder; lease holder unknown›
(1) ‹[NotLeaseHolderError] r6: replica (n1,s1):1 not lease holder; lease holder unknown›
Error types: (1) *roachpb.NotLeaseHolderError
I210127 01:24:19.771828 24 server/node.go:489 ⋮ [n1] started with engine type ‹2›
I210127 01:24:19.771895 24 server/node.go:491 ⋮ [n1] started with attributes ‹[]›
I210127 01:24:19.772027 24 server/goroutinedumper/goroutinedumper.go:120 ⋮ [n1] writing goroutine dumps to ‹/home/erikaosgue/erika_work/goland/truora_project/snake_project/cockroach-data/logs/goroutine_dump›
I210127 01:24:19.772072 24 server/heapprofiler/heapprofiler.go:49 ⋮ [n1] writing go heap profiles to ‹/home/erikaosgue/erika_work/goland/truora_project/snake_project/cockroach-data/logs/heap_profiler› at least every 1h0m0s
I210127 01:24:19.772091 24 server/heapprofiler/cgoprofiler.go:53 ⋮ [n1] to enable jmalloc profiling: "export MALLOC_CONF=prof:true" or "ln -s prof:true /etc/malloc.conf"
I210127 01:24:19.772100 24 server/heapprofiler/statsprofiler.go:54 ⋮ [n1] writing memory stats to ‹/home/erikaosgue/erika_work/goland/truora_project/snake_project/cockroach-data/logs/heap_profiler› at last every 1h0m0s
I210127 01:24:19.772119 24 server/server.go:1536 ⋮ [n1] starting http server at ‹127.0.0.1:8080› (use: ‹localhost:8080›)
I210127 01:24:19.772146 24 server/server.go:1543 ⋮ [n1] starting grpc/postgres server at ‹127.0.0.1:26257›
I210127 01:24:19.772166 24 server/server.go:1544 ⋮ [n1] advertising CockroachDB node at ‹localhost:26257›
I210127 01:24:19.829378 24 sql/sqlliveness/slinstance/slinstance.go:252 ⋮ [n1] starting SQL liveness instance
I210127 01:24:19.830255 406 sql/temporary_schema.go:497 ⋮ [n1] running temporary object cleanup background job
I210127 01:24:19.830976 75 kv/kvserver/replica_rangefeed.go:608 ⋮ [n1,s1,r6/1:‹/Table/{SystemCon…-11}›] RangeFeed closed timestamp is empty
I210127 01:24:19.833427 406 sql/temporary_schema.go:532 ⋮ [n1] found 0 temporary schemas
I210127 01:24:19.833465 406 sql/temporary_schema.go:535 ⋮ [n1] early exiting temporary schema cleaner as no temporary schemas were found
I210127 01:24:19.833483 406 sql/temporary_schema.go:536 ⋮ [n1] completed temporary object cleanup job
I210127 01:24:19.833499 406 sql/temporary_schema.go:614 ⋮ [n1] temporary object cleaner next scheduled to run at 2021-01-27 01:54:19.829725169 +0000 UTC
I210127 01:24:19.843333 402 sql/event_log.go:162 ⋮ [n1] Event: ‹"node_join"›, target: 1, info: ‹{Descriptor:{NodeID:1 Address:localhost:26257 Attrs: Locality: ServerVersion:20.2 BuildTag:v20.2.3 StartedAt:1611710659765548278 LocalityAddress:[] ClusterName: SQLAddress:localhost:26257} ClusterID:11f4a54f-4d52-4031-8361-7e9820a5e54e StartedAt:1611710659765548278 LastUp:1611710659765548278}›
I210127 01:24:19.843522 404 sql/sqlliveness/slstorage/slstorage.go:342 ⋮ [n1] inserted sqlliveness session ‹0497ab139db746a3a2c83dd59d15b7f6›
I210127 01:24:19.843551 404 sql/sqlliveness/slinstance/slinstance.go:143 ⋮ [n1] created new SQL liveness session ‹0497ab139db746a3a2c83dd59d15b7f6›
I210127 01:24:19.843681 423 sql/event_log.go:162 ⋮ [n1,intExec=‹optInToDiagnosticsStatReporting›] Event: ‹"set_cluster_setting"›, target: 0, info: ‹{SettingName:diagnostics.reporting.enabled Value:true User:root}›
I210127 01:24:19.855559 522 sql/event_log.go:162 ⋮ [n1,intExec=‹set-setting›] Event: ‹"set_cluster_setting"›, target: 0, info: ‹{SettingName:version Value:20.2 User:root}›
I210127 01:24:19.876707 737 sql/event_log.go:162 ⋮ [n1,intExec=‹initializeClusterSecret›] Event: ‹"set_cluster_setting"›, target: 0, info: ‹{SettingName:cluster.secret Value:ab064be8-1b45-485e-965d-d1260c45b884 User:root}›
I210127 01:24:19.885670 821 sql/event_log.go:162 ⋮ [n1,intExec=‹create-default-db›] Event: ‹"create_database"›, target: 50, info: ‹{DatabaseName:defaultdb Statement:CREATE DATABASE IF NOT EXISTS defaultdb User:root}›
I210127 01:24:19.892088 816 sql/event_log.go:162 ⋮ [n1,intExec=‹create-default-db›] Event: ‹"create_database"›, target: 51, info: ‹{DatabaseName:postgres Statement:CREATE DATABASE IF NOT EXISTS postgres User:root}›
I210127 01:24:19.918316 24 server/server_sql.go:753 ⋮ [n1] done ensuring all necessary migrations have run
I210127 01:24:19.918364 24 server/server.go:1876 ⋮ [n1] serving sql connections
I210127 01:24:19.918467 1108 jobs/job_scheduler.go:346 ⋮ [n1] waiting 3m0s before scheduled jobs daemon start
I210127 01:24:19.921172 1109 server/server_update.go:55 ⋮ [n1] no need to upgrade, cluster already at the newest version
I210127 01:24:19.936027 880 sql/event_log.go:162 ⋮ [intExec=‹set-zone›] Event: ‹"set_zone_config"›, target: 0, info: ‹{Target:RANGE default Config: Options:num_replicas = 1 User:root}›
I210127 01:24:19.941639 1141 sql/event_log.go:162 ⋮ [intExec=‹set-zone›] Event: ‹"set_zone_config"›, target: 1, info: ‹{Target:DATABASE system Config: Options:num_replicas = 1 User:root}›
I210127 01:24:19.947149 1148 sql/event_log.go:162 ⋮ [intExec=‹set-zone›] Event: ‹"set_zone_config"›, target: 16, info: ‹{Target:RANGE meta Config: Options:num_replicas = 1 User:root}›
I210127 01:24:19.952286 998 sql/event_log.go:162 ⋮ [intExec=‹set-zone›] Event: ‹"set_zone_config"›, target: 17, info: ‹{Target:RANGE system Config: Options:num_replicas = 1 User:root}›
I210127 01:24:19.957269 1381 sql/event_log.go:162 ⋮ [intExec=‹set-zone›] Event: ‹"set_zone_config"›, target: 22, info: ‹{Target:RANGE liveness Config: Options:num_replicas = 1 User:root}›
I210127 01:24:19.969351 1127 sql/event_log.go:162 ⋮ [intExec=‹set-zone›] Event: ‹"set_zone_config"›, target: 25, info: ‹{Target:TABLE system.public.replication_constraint_stats Config: Options:num_replicas = 1 User:root}›
I210127 01:24:19.977846 1134 sql/event_log.go:162 ⋮ [intExec=‹set-zone›] Event: ‹"set_zone_config"›, target: 27, info: ‹{Target:TABLE system.public.replication_stats Config: Options:num_replicas = 1 User:root}›
I210127 01:24:19.977949 24 util/log/log.go:50 ⋮ Replication was disabled for this cluster.
When/if adding nodes in the future, update zone configurations to increase the replication factor.
I210127 01:24:19.978062 24 cli/start.go:670 ⋮ [config] clusterID: ‹11f4a54f-4d52-4031-8361-7e9820a5e54e›
I210127 01:24:19.978108 24 cli/start.go:680 ⋮ node startup completed:
CockroachDB node starting at 2021-01-27 01:24:19.977965946 +0000 UTC (took 0.3s)
build:               CCL v20.2.3 @ 2020/12/14 18:33:39 (go1.13.14)
webui:               ‹http://localhost:8080›
sql:                 ‹postgresql://root@localhost:26257?sslmode=disable›
RPC client flags:    ‹cockroach <client cmd> --host=localhost:26257 --insecure›
logs:                ‹/home/erikaosgue/erika_work/goland/truora_project/snake_project/cockroach-data/logs›
temp dir:            ‹/home/erikaosgue/erika_work/goland/truora_project/snake_project/cockroach-data/cockroach-temp748059394›
external I/O path:   ‹/home/erikaosgue/erika_work/goland/truora_project/snake_project/cockroach-data/extern›
store[0]:            ‹path=/home/erikaosgue/erika_work/goland/truora_project/snake_project/cockroach-data›
storage engine:      pebble
status:              initialized new cluster
clusterID:           ‹11f4a54f-4d52-4031-8361-7e9820a5e54e›
nodeID:              1
I210127 01:24:21.590282 165 gossip/gossip.go:1508 ⋮ [n1] node has connected to cluster via gossip
I210127 01:24:21.592582 165 kv/kvserver/stores.go:255 ⋮ [n1] wrote 0 node addresses to persistent storage
I210127 01:24:22.942157 1110 server/updates.go:241 ⋮ [n1] a new version is available: ‹20.2.4›, details: ‹https://www.cockroachlabs.com/docs/releases/v20.2.4.html›
I210127 01:24:29.773163 294 server/status/runtime.go:522 ⋮ [n1] runtime stats: 130 MiB RSS, 219 goroutines, 20 MiB/34 MiB/46 MiB GO alloc/idle/total, 3.2 MiB/5.7 MiB CGO alloc/total, 0.0 CGO/sec, 0.0/0.0 %(u/s)time, 0.0 %gc (10x), 29 KiB/22 KiB (r/w)net
I210127 01:24:39.773855 161 kv/kvserver/store.go:2638 ⋮ [n1,s1] sstables (read amplification = 0):
‹›
I210127 01:24:39.774157 161 kv/kvserver/store.go:2639 ⋮ [n1,s1] ‹›
‹__level_____count____size___score______in__ingest(sz_cnt)____move(sz_cnt)___write(sz_cnt)____read___r-amp___w-amp›
‹    WAL         3   656 K       -   651 K       -       -       -       -   656 K       -       -       -     1.0›
‹      0         0     0 B    0.00     0 B     0 B       0     0 B       0     0 B       0     0 B       0     0.0›
‹      1         0     0 B    0.00     0 B     0 B       0     0 B       0     0 B       0     0 B       0     0.0›
‹      2         0     0 B    0.00     0 B     0 B       0     0 B       0     0 B       0     0 B       0     0.0›
‹      3         0     0 B    0.00     0 B     0 B       0     0 B       0     0 B       0     0 B       0     0.0›
‹      4         0     0 B    0.00     0 B     0 B       0     0 B       0     0 B       0     0 B       0     0.0›
‹      5         0     0 B    0.00     0 B     0 B       0     0 B       0     0 B       0     0 B       0     0.0›
‹      6         0     0 B       -     0 B     0 B       0     0 B       0     0 B       0     0 B       0     0.0›
‹  total         0     0 B       -   656 K     0 B       0     0 B       0   656 K       0     0 B       0     1.0›
‹  flush         0›
‹compact         0     0 B          (size == estimated-debt)›
‹ memtbl         3   1.8 M›
‹zmemtbl         0     0 B›
‹   ztbl         0     0 B›
‹ bcache         0     0 B    0.0%  (score == hit-rate)›
‹ tcache         0     0 B    0.0%  (score == hit-rate)›
‹ titers         0›
‹ filter         -       -    0.0%  (score == utility)›
I210127 01:24:39.774783 294 server/status/runtime.go:522 ⋮ [n1] runtime stats: 132 MiB RSS, 215 goroutines, 31 MiB/24 MiB/48 MiB GO alloc/idle/total, 4.3 MiB/6.8 MiB CGO alloc/total, 0.3 CGO/sec, 0.9/0.4 %(u/s)time, 0.0 %gc (0x), 17 KiB/7.6 KiB (r/w)net
I210127 01:24:49.774647 294 server/status/runtime.go:522 ⋮ [n1] runtime stats: 135 MiB RSS, 215 goroutines, 25 MiB/29 MiB/51 MiB GO alloc/idle/total, 4.3 MiB/6.8 MiB CGO alloc/total, 0.1 CGO/sec, 2.1/1.4 %(u/s)time, 0.0 %gc (1x), 9.3 KiB/7.9 KiB (r/w)net
I210127 01:24:54.797027 2405 kv/kvserver/replica_consistency.go:257 ⋮ [n1,consistencyChecker,s1,r4/1:‹/System{/tsd-tse}›] triggering stats recomputation to resolve delta of {ContainsEstimates:6340 LastUpdateNanos:1611710689844772110 IntentAge:0 GCBytesAge:0 LiveBytes:44554 LiveCount:-794 KeyBytes:-40182 KeyCount:-794 ValBytes:84736 ValCount:-794 IntentBytes:0 IntentCount:0 SysBytes:0 SysCount:0 AbortSpanBytes:0}
I210127 01:24:59.774830 294 server/status/runtime.go:522 ⋮ [n1] runtime stats: 140 MiB RSS, 216 goroutines, 22 MiB/32 MiB/53 MiB GO alloc/idle/total, 4.3 MiB/6.8 MiB CGO alloc/total, 0.1 CGO/sec, 1.5/0.8 %(u/s)time, 0.0 %gc (1x), 15 KiB/4.6 KiB (r/w)net
I210127 01:25:09.775072 294 server/status/runtime.go:522 ⋮ [n1] runtime stats: 140 MiB RSS, 216 goroutines, 29 MiB/26 MiB/53 MiB GO alloc/idle/total, 6.3 MiB/8.8 MiB CGO alloc/total, 0.2 CGO/sec, 0.9/0.8 %(u/s)time, 0.0 %gc (0x), 9.1 KiB/7.4 KiB (r/w)net
I210127 01:25:19.772226 290 gossip/gossip.go:568 ⋮ [n1] gossip status (ok, 1 node‹›)
gossip client (0/3 cur/max conns)
gossip server (0/3 cur/max conns, infos 0/0 sent/received, bytes 0B/0B sent/received)
gossip connectivity
  n1 [sentinel];
I210127 01:25:19.775478 294 server/status/runtime.go:522 ⋮ [n1] runtime stats: 140 MiB RSS, 217 goroutines, 36 MiB/20 MiB/53 MiB GO alloc/idle/total, 6.3 MiB/8.8 MiB CGO alloc/total, 0.1 CGO/sec, 0.9/0.9 %(u/s)time, 0.0 %gc (0x), 21 KiB/9.7 KiB (r/w)net
I210127 01:25:29.775495 294 server/status/runtime.go:522 ⋮ [n1] runtime stats: 141 MiB RSS, 215 goroutines, 30 MiB/25 MiB/53 MiB GO alloc/idle/total, 6.3 MiB/8.8 MiB CGO alloc/total, 0.1 CGO/sec, 2.0/0.5 %(u/s)time, 0.0 %gc (1x), 18 KiB/14 KiB (r/w)net
I210127 01:25:39.774243 294 server/status/runtime.go:522 ⋮ [n1] runtime stats: 141 MiB RSS, 215 goroutines, 36 MiB/20 MiB/53 MiB GO alloc/idle/total, 6.3 MiB/8.8 MiB CGO alloc/total, 0.1 CGO/sec, 1.0/0.6 %(u/s)time, 0.0 %gc (0x), 12 KiB/3.1 KiB (r/w)net
I210127 01:25:49.775911 294 server/status/runtime.go:522 ⋮ [n1] runtime stats: 142 MiB RSS, 216 goroutines, 25 MiB/29 MiB/55 MiB GO alloc/idle/total, 6.3 MiB/8.8 MiB CGO alloc/total, 0.1 CGO/sec, 1.2/0.6 %(u/s)time, 0.0 %gc (1x), 3.2 KiB/3.2 KiB (r/w)net
I210127 01:25:59.778499 294 server/status/runtime.go:522 ⋮ [n1] runtime stats: 143 MiB RSS, 216 goroutines, 32 MiB/24 MiB/55 MiB GO alloc/idle/total, 6.3 MiB/8.8 MiB CGO alloc/total, 0.1 CGO/sec, 1.2/0.5 %(u/s)time, 0.0 %gc (0x), 13 KiB/3.4 KiB (r/w)net
I210127 01:26:09.776187 294 server/status/runtime.go:522 ⋮ [n1] runtime stats: 143 MiB RSS, 216 goroutines, 22 MiB/31 MiB/55 MiB GO alloc/idle/total, 6.3 MiB/8.8 MiB CGO alloc/total, 0.1 CGO/sec, 2.4/0.6 %(u/s)time, 0.0 %gc (1x), 4.8 KiB/3.5 KiB (r/w)net
I210127 01:26:19.772430 290 gossip/gossip.go:568 ⋮ [n1] gossip status (ok, 1 node‹›)
gossip client (0/3 cur/max conns)
gossip server (0/3 cur/max conns, infos 0/0 sent/received, bytes 0B/0B sent/received)
I210127 01:26:19.776962 294 server/status/runtime.go:522 ⋮ [n1] runtime stats: 144 MiB RSS, 216 goroutines, 29 MiB/26 MiB/55 MiB GO alloc/idle/total, 10 MiB/13 MiB CGO alloc/total, 0.2 CGO/sec, 1.2/0.6 %(u/s)time, 0.0 %gc (0x), 19 KiB/6.8 KiB (r/w)net
I210127 01:26:29.775863 294 server/status/runtime.go:522 ⋮ [n1] runtime stats: 144 MiB RSS, 215 goroutines, 38 MiB/18 MiB/55 MiB GO alloc/idle/total, 10 MiB/13 MiB CGO alloc/total, 0.1 CGO/sec, 1.3/0.6 %(u/s)time, 0.0 %gc (0x), 92 KiB/27 KiB (r/w)net
I210127 01:26:39.775279 294 server/status/runtime.go:522 ⋮ [n1] runtime stats: 145 MiB RSS, 216 goroutines, 29 MiB/25 MiB/55 MiB GO alloc/idle/total, 10 MiB/13 MiB CGO alloc/total, 0.1 CGO/sec, 2.0/0.5 %(u/s)time, 0.0 %gc (1x), 37 MiB/37 MiB (r/w)net
I210127 01:26:49.777112 294 server/status/runtime.go:522 ⋮ [n1] runtime stats: 145 MiB RSS, 216 goroutines, 36 MiB/20 MiB/55 MiB GO alloc/idle/total, 10 MiB/13 MiB CGO alloc/total, 0.1 CGO/sec, 1.0/0.6 %(u/s)time, 0.0 %gc (0x), 12 KiB/8.6 KiB (r/w)net
I210127 01:26:59.777289 294 server/status/runtime.go:522 ⋮ [n1] runtime stats: 148 MiB RSS, 217 goroutines, 22 MiB/31 MiB/55 MiB GO alloc/idle/total, 10 MiB/13 MiB CGO alloc/total, 0.1 CGO/sec, 2.0/1.0 %(u/s)time, 0.0 %gc (1x), 19 KiB/6.8 KiB (r/w)net
I210127 01:27:09.777581 294 server/status/runtime.go:522 ⋮ [n1] runtime stats: 148 MiB RSS, 217 goroutines, 29 MiB/25 MiB/55 MiB GO alloc/idle/total, 10 MiB/13 MiB CGO alloc/total, 0.1 CGO/sec, 1.4/0.7 %(u/s)time, 0.0 %gc (0x), 11 KiB/12 KiB (r/w)net
I210127 01:27:19.772230 290 gossip/gossip.go:568 ⋮ [n1] gossip status (ok, 1 node‹›)
gossip client (0/3 cur/max conns)
gossip server (0/3 cur/max conns, infos 0/0 sent/received, bytes 0B/0B sent/received)
I210127 01:27:19.778401 294 server/status/runtime.go:522 ⋮ [n1] runtime stats: 148 MiB RSS, 217 goroutines, 36 MiB/20 MiB/55 MiB GO alloc/idle/total, 10 MiB/13 MiB CGO alloc/total, 0.1 CGO/sec, 1.4/1.0 %(u/s)time, 0.0 %gc (0x), 13 KiB/2.8 KiB (r/w)net
I210127 01:27:29.778281 294 server/status/runtime.go:522 ⋮ [n1] runtime stats: 149 MiB RSS, 216 goroutines, 27 MiB/28 MiB/56 MiB GO alloc/idle/total, 10 MiB/13 MiB CGO alloc/total, 0.1 CGO/sec, 2.7/0.8 %(u/s)time, 0.0 %gc (1x), 55 KiB/52 KiB (r/w)net
I210127 01:27:39.781783 294 server/status/runtime.go:522 ⋮ [n1] runtime stats: 149 MiB RSS, 215 goroutines, 36 MiB/20 MiB/56 MiB GO alloc/idle/total, 10 MiB/13 MiB CGO alloc/total, 0.1 CGO/sec, 2.7/0.8 %(u/s)time, 0.0 %gc (0x), 46 KiB/33 KiB (r/w)net
I210127 01:27:49.778524 294 server/status/runtime.go:522 ⋮ [n1] runtime stats: 149 MiB RSS, 215 goroutines, 22 MiB/31 MiB/56 MiB GO alloc/idle/total, 10 MiB/13 MiB CGO alloc/total, 0.1 CGO/sec, 3.0/1.2 %(u/s)time, 0.0 %gc (1x), 3.2 KiB/2.9 KiB (r/w)net
I210127 01:27:59.778467 294 server/status/runtime.go:522 ⋮ [n1] runtime stats: 150 MiB RSS, 216 goroutines, 30 MiB/26 MiB/56 MiB GO alloc/idle/total, 10 MiB/13 MiB CGO alloc/total, 0.1 CGO/sec, 1.0/0.7 %(u/s)time, 0.0 %gc (0x), 19 KiB/7.2 KiB (r/w)net
I210127 01:28:09.777268 294 server/status/runtime.go:522 ⋮ [n1] runtime stats: 150 MiB RSS, 216 goroutines, 36 MiB/20 MiB/56 MiB GO alloc/idle/total, 10 MiB/13 MiB CGO alloc/total, 0.1 CGO/sec, 1.0/0.4 %(u/s)time, 0.0 %gc (0x), 7.4 KiB/5.9 KiB (r/w)net
I210127 01:28:19.772187 290 gossip/gossip.go:568 ⋮ [n1] gossip status (ok, 1 node‹›)
gossip client (0/3 cur/max conns)
gossip server (0/3 cur/max conns, infos 0/0 sent/received, bytes 0B/0B sent/received)
I210127 01:28:19.779012 294 server/status/runtime.go:522 ⋮ [n1] runtime stats: 150 MiB RSS, 216 goroutines, 25 MiB/29 MiB/56 MiB GO alloc/idle/total, 10 MiB/13 MiB CGO alloc/total, 0.1 CGO/sec, 0.9/0.5 %(u/s)time, 0.0 %gc (1x), 22 KiB/7.8 KiB (r/w)net
I210127 01:28:29.777354 294 server/status/runtime.go:522 ⋮ [n1] runtime stats: 150 MiB RSS, 215 goroutines, 35 MiB/22 MiB/56 MiB GO alloc/idle/total, 10 MiB/13 MiB CGO alloc/total, 0.1 CGO/sec, 2.0/0.7 %(u/s)time, 0.0 %gc (0x), 3.2 KiB/3.0 KiB (r/w)net
I210127 01:28:39.778078 294 server/status/runtime.go:522 ⋮ [n1] runtime stats: 151 MiB RSS, 215 goroutines, 22 MiB/31 MiB/56 MiB GO alloc/idle/total, 18 MiB/21 MiB CGO alloc/total, 0.2 CGO/sec, 1.8/0.7 %(u/s)time, 0.0 %gc (1x), 18 KiB/6.0 KiB (r/w)net
I210127 01:28:49.778849 294 server/status/runtime.go:522 ⋮ [n1] runtime stats: 151 MiB RSS, 216 goroutines, 29 MiB/25 MiB/56 MiB GO alloc/idle/total, 18 MiB/21 MiB CGO alloc/total, 0.1 CGO/sec, 1.1/0.5 %(u/s)time, 0.0 %gc (0x), 134 KiB/52 KiB (r/w)net
I210127 01:28:59.779305 294 server/status/runtime.go:522 ⋮ [n1] runtime stats: 151 MiB RSS, 216 goroutines, 36 MiB/20 MiB/56 MiB GO alloc/idle/total, 18 MiB/21 MiB CGO alloc/total, 0.1 CGO/sec, 1.3/0.5 %(u/s)time, 0.0 %gc (0x), 602 KiB/238 KiB (r/w)net
I210127 01:29:09.778301 294 server/status/runtime.go:522 ⋮ [n1] runtime stats: 152 MiB RSS, 216 goroutines, 24 MiB/30 MiB/56 MiB GO alloc/idle/total, 18 MiB/21 MiB CGO alloc/total, 0.1 CGO/sec, 1.4/0.7 %(u/s)time, 0.0 %gc (1x), 14 KiB/11 KiB (r/w)net
I210127 01:29:19.772231 290 gossip/gossip.go:568 ⋮ [n1] gossip status (ok, 1 node‹›)
gossip client (0/3 cur/max conns)
gossip server (0/3 cur/max conns, infos 0/0 sent/received, bytes 0B/0B sent/received)
I210127 01:29:19.779430 294 server/status/runtime.go:522 ⋮ [n1] runtime stats: 152 MiB RSS, 216 goroutines, 32 MiB/24 MiB/56 MiB GO alloc/idle/total, 18 MiB/21 MiB CGO alloc/total, 0.1 CGO/sec, 1.2/0.7 %(u/s)time, 0.0 %gc (0x), 18 KiB/5.6 KiB (r/w)net
I210127 01:29:29.780594 294 server/status/runtime.go:522 ⋮ [n1] runtime stats: 152 MiB RSS, 215 goroutines, 22 MiB/31 MiB/56 MiB GO alloc/idle/total, 18 MiB/21 MiB CGO alloc/total, 0.1 CGO/sec, 2.7/0.8 %(u/s)time, 0.0 %gc (1x), 3.5 KiB/3.0 KiB (r/w)net
I210127 01:29:39.780736 294 server/status/runtime.go:522 ⋮ [n1] runtime stats: 153 MiB RSS, 215 goroutines, 28 MiB/26 MiB/56 MiB GO alloc/idle/total, 18 MiB/21 MiB CGO alloc/total, 0.1 CGO/sec, 1.4/0.8 %(u/s)time, 0.0 %gc (0x), 55 KiB/46 KiB (r/w)net
I210127 01:29:49.780745 294 server/status/runtime.go:522 ⋮ [n1] runtime stats: 153 MiB RSS, 215 goroutines, 35 MiB/21 MiB/56 MiB GO alloc/idle/total, 18 MiB/21 MiB CGO alloc/total, 0.1 CGO/sec, 2.1/0.5 %(u/s)time, 0.0 %gc (0x), 72 KiB/50 KiB (r/w)net
I210127 01:29:59.781384 294 server/status/runtime.go:522 ⋮ [n1] runtime stats: 153 MiB RSS, 216 goroutines, 23 MiB/30 MiB/56 MiB GO alloc/idle/total, 18 MiB/21 MiB CGO alloc/total, 0.1 CGO/sec, 1.7/0.6 %(u/s)time, 0.0 %gc (1x), 30 KiB/14 KiB (r/w)net
I210127 01:30:09.782457 294 server/status/runtime.go:522 ⋮ [n1] runtime stats: 154 MiB RSS, 216 goroutines, 30 MiB/26 MiB/56 MiB GO alloc/idle/total, 18 MiB/21 MiB CGO alloc/total, 0.1 CGO/sec, 1.8/0.7 %(u/s)time, 0.0 %gc (0x), 70 KiB/78 KiB (r/w)net
I210127 01:30:19.772249 290 gossip/gossip.go:568 ⋮ [n1] gossip status (ok, 1 node‹›)
gossip client (0/3 cur/max conns)
gossip server (0/3 cur/max conns, infos 0/0 sent/received, bytes 0B/0B sent/received)
I210127 01:30:19.779474 294 server/status/runtime.go:522 ⋮ [n1] runtime stats: 154 MiB RSS, 216 goroutines, 36 MiB/20 MiB/56 MiB GO alloc/idle/total, 18 MiB/21 MiB CGO alloc/total, 0.1 CGO/sec, 2.5/0.7 %(u/s)time, 0.0 %gc (0x), 512 KiB/84 KiB (r/w)net
I210127 01:30:29.781351 294 server/status/runtime.go:522 ⋮ [n1] runtime stats: 155 MiB RSS, 215 goroutines, 27 MiB/28 MiB/56 MiB GO alloc/idle/total, 18 MiB/21 MiB CGO alloc/total, 0.1 CGO/sec, 3.4/0.9 %(u/s)time, 0.0 %gc (1x), 28 KiB/21 KiB (r/w)net
I210127 01:30:39.781604 294 server/status/runtime.go:522 ⋮ [n1] runtime stats: 155 MiB RSS, 215 goroutines, 33 MiB/23 MiB/56 MiB GO alloc/idle/total, 18 MiB/21 MiB CGO alloc/total, 0.1 CGO/sec, 1.2/1.1 %(u/s)time, 0.0 %gc (0x), 25 KiB/12 KiB (r/w)net
I210127 01:30:49.780162 294 server/status/runtime.go:522 ⋮ [n1] runtime stats: 156 MiB RSS, 215 goroutines, 40 MiB/17 MiB/56 MiB GO alloc/idle/total, 18 MiB/21 MiB CGO alloc/total, 0.1 CGO/sec, 1.4/0.6 %(u/s)time, 0.0 %gc (0x), 16 KiB/11 KiB (r/w)net
I210127 01:30:59.782152 294 server/status/runtime.go:522 ⋮ [n1] runtime stats: 156 MiB RSS, 216 goroutines, 30 MiB/24 MiB/56 MiB GO alloc/idle/total, 18 MiB/21 MiB CGO alloc/total, 0.1 CGO/sec, 1.8/0.7 %(u/s)time, 0.0 %gc (1x), 25 KiB/15 KiB (r/w)net
I210127 01:31:09.781880 294 server/status/runtime.go:522 ⋮ [n1] runtime stats: 156 MiB RSS, 216 goroutines, 36 MiB/20 MiB/56 MiB GO alloc/idle/total, 18 MiB/21 MiB CGO alloc/total, 0.1 CGO/sec, 1.5/0.5 %(u/s)time, 0.0 %gc (0x), 6.6 KiB/5.6 KiB (r/w)net
I210127 01:31:19.772277 290 gossip/gossip.go:568 ⋮ [n1] gossip status (ok, 1 node‹›)
gossip client (0/3 cur/max conns)
gossip server (0/3 cur/max conns, infos 0/0 sent/received, bytes 0B/0B sent/received)
I210127 01:31:19.782339 294 server/status/runtime.go:522 ⋮ [n1] runtime stats: 156 MiB RSS, 216 goroutines, 22 MiB/31 MiB/57 MiB GO alloc/idle/total, 18 MiB/21 MiB CGO alloc/total, 0.1 CGO/sec, 1.9/1.0 %(u/s)time, 0.0 %gc (1x), 19 KiB/6.9 KiB (r/w)net
I210127 01:31:29.781003 294 server/status/runtime.go:522 ⋮ [n1] runtime stats: 157 MiB RSS, 215 goroutines, 30 MiB/25 MiB/57 MiB GO alloc/idle/total, 18 MiB/21 MiB CGO alloc/total, 0.1 CGO/sec, 3.2/0.6 %(u/s)time, 0.0 %gc (0x), 12 KiB/9.3 KiB (r/w)net
I210127 01:31:39.785284 294 server/status/runtime.go:522 ⋮ [n1] runtime stats: 157 MiB RSS, 217 goroutines, 37 MiB/19 MiB/57 MiB GO alloc/idle/total, 18 MiB/21 MiB CGO alloc/total, 0.1 CGO/sec, 1.2/0.6 %(u/s)time, 0.0 %gc (0x), 30 KiB/17 KiB (r/w)net
I210127 01:31:49.783310 294 server/status/runtime.go:522 ⋮ [n1] runtime stats: 157 MiB RSS, 217 goroutines, 25 MiB/29 MiB/57 MiB GO alloc/idle/total, 18 MiB/21 MiB CGO alloc/total, 0.1 CGO/sec, 3.4/1.1 %(u/s)time, 0.0 %gc (1x), 52 KiB/48 KiB (r/w)net
I210127 01:31:59.783557 294 server/status/runtime.go:522 ⋮ [n1] runtime stats: 158 MiB RSS, 218 goroutines, 32 MiB/24 MiB/57 MiB GO alloc/idle/total, 18 MiB/21 MiB CGO alloc/total, 0.1 CGO/sec, 1.8/0.4 %(u/s)time, 0.0 %gc (0x), 63 KiB/62 KiB (r/w)net
I210127 01:32:09.783530 294 server/status/runtime.go:522 ⋮ [n1] runtime stats: 158 MiB RSS, 218 goroutines, 38 MiB/19 MiB/57 MiB GO alloc/idle/total, 18 MiB/21 MiB CGO alloc/total, 0.1 CGO/sec, 1.5/0.7 %(u/s)time, 0.0 %gc (0x), 26 KiB/24 KiB (r/w)net
I210127 01:32:19.772202 290 gossip/gossip.go:568 ⋮ [n1] gossip status (ok, 1 node‹›)
gossip client (0/3 cur/max conns)
gossip server (0/3 cur/max conns, infos 0/0 sent/received, bytes 0B/0B sent/received)
I210127 01:32:19.783576 294 server/status/runtime.go:522 ⋮ [n1] runtime stats: 158 MiB RSS, 218 goroutines, 25 MiB/28 MiB/57 MiB GO alloc/idle/total, 18 MiB/21 MiB CGO alloc/total, 0.1 CGO/sec, 2.3/0.8 %(u/s)time, 0.0 %gc (1x), 42 KiB/31 KiB (r/w)net
I210127 01:32:29.783767 294 server/status/runtime.go:522 ⋮ [n1] runtime stats: 158 MiB RSS, 217 goroutines, 34 MiB/22 MiB/57 MiB GO alloc/idle/total, 18 MiB/21 MiB CGO alloc/total, 0.1 CGO/sec, 1.5/0.8 %(u/s)time, 0.0 %gc (0x), 27 KiB/24 KiB (r/w)net
I210127 01:32:39.783707 294 server/status/runtime.go:522 ⋮ [n1] runtime stats: 158 MiB RSS, 217 goroutines, 21 MiB/31 MiB/57 MiB GO alloc/idle/total, 18 MiB/21 MiB CGO alloc/total, 0.1 CGO/sec, 1.6/1.0 %(u/s)time, 0.0 %gc (1x), 13 KiB/3.8 KiB (r/w)net
I210127 01:32:49.784140 294 server/status/runtime.go:522 ⋮ [n1] runtime stats: 158 MiB RSS, 215 goroutines, 28 MiB/26 MiB/57 MiB GO alloc/idle/total, 18 MiB/21 MiB CGO alloc/total, 0.1 CGO/sec, 1.3/0.8 %(u/s)time, 0.0 %gc (0x), 17 KiB/11 KiB (r/w)net
I210127 01:32:59.784343 294 server/status/runtime.go:522 ⋮ [n1] runtime stats: 159 MiB RSS, 218 goroutines, 35 MiB/20 MiB/57 MiB GO alloc/idle/total, 18 MiB/21 MiB CGO alloc/total, 0.1 CGO/sec, 1.6/0.8 %(u/s)time, 0.0 %gc (0x), 24 KiB/12 KiB (r/w)net
I210127 01:33:09.784550 294 server/status/runtime.go:522 ⋮ [n1] runtime stats: 159 MiB RSS, 216 goroutines, 23 MiB/30 MiB/57 MiB GO alloc/idle/total, 18 MiB/21 MiB CGO alloc/total, 0.1 CGO/sec, 1.8/0.8 %(u/s)time, 0.0 %gc (1x), 5.2 KiB/4.8 KiB (r/w)net
I210127 01:33:19.772238 290 gossip/gossip.go:568 ⋮ [n1] gossip status (ok, 1 node‹›)
gossip client (0/3 cur/max conns)
gossip server (0/3 cur/max conns, infos 0/0 sent/received, bytes 0B/0B sent/received)
I210127 01:33:19.785040 294 server/status/runtime.go:522 ⋮ [n1] runtime stats: 160 MiB RSS, 216 goroutines, 29 MiB/26 MiB/57 MiB GO alloc/idle/total, 34 MiB/37 MiB CGO alloc/total, 0.2 CGO/sec, 1.5/0.7 %(u/s)time, 0.0 %gc (0x), 24 KiB/11 KiB (r/w)net
I210127 01:33:29.787999 294 server/status/runtime.go:522 ⋮ [n1] runtime stats: 160 MiB RSS, 215 goroutines, 39 MiB/18 MiB/57 MiB GO alloc/idle/total, 34 MiB/37 MiB CGO alloc/total, 0.1 CGO/sec, 2.0/0.8 %(u/s)time, 0.0 %gc (0x), 9.1 KiB/8.7 KiB (r/w)net
I210127 01:33:39.785674 294 server/status/runtime.go:522 ⋮ [n1] runtime stats: 160 MiB RSS, 215 goroutines, 26 MiB/28 MiB/57 MiB GO alloc/idle/total, 34 MiB/37 MiB CGO alloc/total, 0.1 CGO/sec, 2.4/0.8 %(u/s)time, 0.0 %gc (1x), 60 KiB/29 KiB (r/w)net
I210127 01:33:49.786219 294 server/status/runtime.go:522 ⋮ [n1] runtime stats: 160 MiB RSS, 215 goroutines, 32 MiB/23 MiB/57 MiB GO alloc/idle/total, 34 MiB/37 MiB CGO alloc/total, 0.1 CGO/sec, 2.0/0.8 %(u/s)time, 0.0 %gc (0x), 677 KiB/64 KiB (r/w)net
I210127 01:33:59.786186 294 server/status/runtime.go:522 ⋮ [n1] runtime stats: 161 MiB RSS, 216 goroutines, 39 MiB/18 MiB/57 MiB GO alloc/idle/total, 34 MiB/37 MiB CGO alloc/total, 0.1 CGO/sec, 1.7/0.8 %(u/s)time, 0.0 %gc (0x), 31 KiB/25 KiB (r/w)net
I210127 01:34:09.786207 294 server/status/runtime.go:522 ⋮ [n1] runtime stats: 161 MiB RSS, 216 goroutines, 26 MiB/28 MiB/57 MiB GO alloc/idle/total, 34 MiB/37 MiB CGO alloc/total, 0.1 CGO/sec, 1.3/0.9 %(u/s)time, 0.0 %gc (1x), 16 KiB/11 KiB (r/w)net
I210127 01:34:18.620064 9577 server/drain.go:74 ⋮ [n1] drain request received with doDrain = true, shutdown = false
I210127 01:34:18.630884 9577 server/drain.go:175 ⋮ [n1] drain remaining: 6
I210127 01:34:18.630924 9577 server/drain.go:177 ⋮ [n1] drain details: liveness record: 1, descriptor leases: 5
I210127 01:34:18.630971 9577 server/drain.go:99 ⋮ [n1] drain request completed without server shutdown
I210127 01:34:18.832651 9523 server/drain.go:74 ⋮ [n1] drain request received with doDrain = true, shutdown = false
I210127 01:34:18.840391 9523 server/drain.go:175 ⋮ [n1] drain remaining: 0
I210127 01:34:18.840542 9523 server/drain.go:99 ⋮ [n1] drain request completed without server shutdown
I210127 01:34:18.841560 9580 server/drain.go:74 ⋮ [n1] drain request received with doDrain = false, shutdown = true
I210127 01:34:18.842204 9581 util/stop/stopper.go:563 ⋮ [n1] quiescing
W210127 01:34:18.842352 109 vendor/google.golang.org/grpc/internal/channelz/logging.go:73 ⋮ ‹grpc: addrConn.createTransport failed to connect to {localhost:26257  <nil> 0 <nil>}. Err: connection error: desc = "transport: Error while dialing loopback listener: mux: listener closed". Reconnecting...›
W210127 01:34:18.842417 404 sql/sqlliveness/slinstance/slinstance.go:182 ⋮ [n1] exiting heartbeat loop
W210127 01:34:18.842465 1664 vendor/google.golang.org/grpc/internal/channelz/logging.go:73 ⋮ ‹grpc: addrConn.createTransport failed to connect to {localhost:26257  <nil> 0 <nil>}. Err: connection error: desc = "transport: Error while dialing cannot reuse client connection". Reconnecting...›
W210127 01:34:18.842535 415 jobs/registry.go:672 ⋮ canceling all adopted jobs due to stopper quiescing
