I210127 01:33:54.034598 1 util/log/sync_buffer.go:195 ⋮ [config] file created at: 2021/01/27 01:33:54
I210127 01:33:54.034607 1 util/log/sync_buffer.go:195 ⋮ [config] running on machine: ‹TK-Pad›
I210127 01:33:54.034623 1 util/log/sync_buffer.go:195 ⋮ [config] binary: CockroachDB CCL v20.2.3 (x86_64-unknown-linux-gnu, built 2020/12/14 18:33:39, go1.13.14)
I210127 01:33:54.034628 1 util/log/sync_buffer.go:195 ⋮ [config] arguments: ‹[cockroach start-single-node --insecure --listen-addr=localhost:26257 --http-addr=localhost:8080]›
I210127 01:33:54.034636 1 util/log/sync_buffer.go:195 ⋮ [config] line format: [IWEF]yymmdd hh:mm:ss.uuuuuu goid file:line msg utf8=✓
W210127 01:33:54.034494 1 cli/start.go:1139 ⋮ ALL SECURITY CONTROLS HAVE BEEN DISABLED!

This mode is intended for non-production testing only.

In this mode:
- Your cluster is open to any client that can access ‹localhost›.
- Intruders with access to your machine or network can observe client-server traffic.
- Intruders can log in without password and read or write any data in the cluster.
- Intruders can consume all your server's resources and cause unavailability.
I210127 01:33:54.034710 1 cli/start.go:1149 ⋮ To start a secure server without mandating TLS for clients,
consider --accept-sql-without-tls instead. For other options, see:

- ‹https://go.crdb.dev/issue-v/53404/v20.2›
- https://www.cockroachlabs.com/docs/v20.2/secure-a-cluster.html
I210127 01:33:54.035009 1 server/status/recorder.go:605 ⋮ ‹available memory from cgroups is unsupported, using system memory 15 GiB instead: can't read available memory from cgroup v2 at /sys/fs/cgroup/unified/user.slice/user-1000.slice/user@1000.service/memory.max: open /sys/fs/cgroup/unified/user.slice/user-1000.slice/user@1000.service/memory.max: no such file or directory›
W210127 01:33:54.035029 1 cli/start.go:983 ⋮ ‹Using the default setting for --cache (128 MiB).›
‹  A significantly larger value is usually needed for good performance.›
‹  If you have a dedicated server a reasonable setting is --cache=.25 (3.8 GiB).›
I210127 01:33:54.035222 1 server/status/recorder.go:605 ⋮ ‹available memory from cgroups is unsupported, using system memory 15 GiB instead: can't read available memory from cgroup v2 at /sys/fs/cgroup/unified/user.slice/user-1000.slice/user@1000.service/memory.max: open /sys/fs/cgroup/unified/user.slice/user-1000.slice/user@1000.service/memory.max: no such file or directory›
I210127 01:33:54.035234 1 cli/start.go:1164 ⋮ ‹CockroachDB CCL v20.2.3 (x86_64-unknown-linux-gnu, built 2020/12/14 18:33:39, go1.13.14)›
I210127 01:33:54.035685 1 server/status/recorder.go:605 ⋮ ‹available memory from cgroups is unsupported, using system memory 15 GiB instead: can't read available memory from cgroup v2 at /sys/fs/cgroup/unified/user.slice/user-1000.slice/user@1000.service/memory.max: open /sys/fs/cgroup/unified/user.slice/user-1000.slice/user@1000.service/memory.max: no such file or directory›
I210127 01:33:54.035698 1 server/config.go:434 ⋮ system total memory: ‹15 GiB›
I210127 01:33:54.035710 1 server/config.go:436 ⋮ server configuration:
‹max offset             500000000›
‹cache size             128 MiB›
‹SQL memory pool size   3.8 GiB›
‹scan interval          10m0s›
‹scan min idle time     10ms›
‹scan max idle time     1s›
‹event log enabled      true›
I210127 01:33:54.035745 1 cli/start.go:961 ⋮ using local environment variables: ‹COCKROACH_BACKGROUND_RESTART=1›
I210127 01:33:54.035755 1 cli/start.go:968 ⋮ process identity: ‹uid 1000 euid 1000 gid 1000 egid 1000›
I210127 01:33:54.037844 1 cli/start.go:504 ⋮ GEOS loaded from directory ‹/usr/local/lib/cockroach›
I210127 01:33:54.037874 1 cli/start.go:509 ⋮ starting cockroach node
I210127 01:33:54.053882 26 server/server.go:782 ⋮ [n?] monitoring forward clock jumps based on server.clock.forward_jump_check_enabled
E210127 01:33:54.056470 1 cli/error.go:398 ⋮ ‹ERROR: cannot dial server.›
‹Is the server running?›
‹If the server is running, check --host client-side and --advertise server-side.›
‹cockroach server exited with error: consider changing the port via --http-addr: listen tcp 127.0.0.1:8080: bind: address already in use›
